#
# There is insufficient memory for the Java Runtime Environment to continue.
# Native memory allocation (mmap) failed to map 65536 bytes. Error detail: Failed to commit metaspace.
# Possible reasons:
#   The system is out of physical RAM or swap space
#   This process is running with CompressedOops enabled, and the Java Heap may be blocking the growth of the native heap
# Possible solutions:
#   Reduce memory load on the system
#   Increase physical memory or swap space
#   Check if swap backing store is full
#   Decrease Java heap size (-Xmx/-Xms)
#   Decrease number of Java threads
#   Decrease Java thread stack sizes (-Xss)
#   Set larger code cache with -XX:ReservedCodeCacheSize=
#   JVM is running with Zero Based Compressed Oops mode in which the Java heap is
#     placed in the first 32GB address space. The Java Heap base address is the
#     maximum limit for the native heap growth. Please use -XX:HeapBaseMinAddress
#     to set the Java Heap base and to place the Java Heap above 32GB virtual address.
# This output file may be truncated or incomplete.
#
#  Out of Memory Error (virtualSpaceNode.cpp:113), pid=12928, tid=10124
#
# JRE version: OpenJDK Runtime Environment OpenLogic-OpenJDK (21.0.8+9) (build 21.0.8+9-adhoc.Administrator.jdk21u)
# Java VM: OpenJDK 64-Bit Server VM OpenLogic-OpenJDK (21.0.8+9-adhoc.Administrator.jdk21u, mixed mode, sharing, tiered, compressed oops, compressed class ptrs, g1 gc, windows-amd64)
# No core dump will be written. Minidumps are not enabled by default on client versions of Windows
#

---------------  S U M M A R Y ------------

Command Line: -Dnet.bytebuddy.agent.attacher.dump= net.bytebuddy.agent.Attacher com.sun.tools.attach.VirtualMachine 384 C:\Users\ANGIE\.m2\repository\net\bytebuddy\byte-buddy-agent\1.17.7\byte-buddy-agent-1.17.7.jar false 

Host: 12th Gen Intel(R) Core(TM) i5-12450HX, 12 cores, 11G,  Windows 11 , 64 bit Build 26100 (10.0.26100.5074)
Time: Fri Sep 19 03:28:31 2025 Hora est. Pacífico, Sudamérica elapsed time: 0.148125 seconds (0d 0h 0m 0s)

---------------  T H R E A D  ---------------

Current thread (0x0000018d5dd2e2c0):  JavaThread "main"             [_thread_in_vm, id=10124, stack(0x00000023edd00000,0x00000023ede00000) (1024K)]

Stack: [0x00000023edd00000,0x00000023ede00000]
Native frames: (J=compiled Java code, j=interpreted, Vv=VM code, C=native code)
V  [jvm.dll+0x6deaf9]
V  [jvm.dll+0x8bccc3]
V  [jvm.dll+0x8bf07e]
V  [jvm.dll+0x8bf763]
V  [jvm.dll+0x287836]
V  [jvm.dll+0x8b88fe]
V  [jvm.dll+0x67f915]
V  [jvm.dll+0x67f97a]
V  [jvm.dll+0x682196]
V  [jvm.dll+0x682062]
V  [jvm.dll+0x6802ce]
V  [jvm.dll+0x272bf7]
V  [jvm.dll+0x218af7]
V  [jvm.dll+0x21db37]
V  [jvm.dll+0x212f2e]
V  [jvm.dll+0x5bcb1b]
V  [jvm.dll+0x2247c7]
V  [jvm.dll+0x834b7c]
V  [jvm.dll+0x835b82]
V  [jvm.dll+0x836144]
V  [jvm.dll+0x835dd8]
V  [jvm.dll+0x2751bb]
V  [jvm.dll+0x3e1abe]
C  0x0000018d711da97f

The last pc belongs to new (printed below).
Java frames: (J=compiled Java code, j=interpreted, Vv=VM code)
j  sun.net.www.protocol.jrt.Handler.openConnection(Ljava/net/URL;)Ljava/net/URLConnection;+0 java.base@21.0.8
j  java.net.URL.openConnection()Ljava/net/URLConnection;+5 java.base@21.0.8
j  java.net.URL.openStream()Ljava/io/InputStream;+1 java.base@21.0.8
j  sun.jvmstat.perfdata.monitor.AliasFileParser.parse(Ljava/util/Map;)V+20 jdk.internal.jvmstat@21.0.8
j  sun.jvmstat.perfdata.monitor.PerfDataBufferImpl.buildAliasMap()V+107 jdk.internal.jvmstat@21.0.8
j  sun.jvmstat.perfdata.monitor.PerfDataBufferImpl.findByName(Ljava/lang/String;)Lsun/jvmstat/monitor/Monitor;+27 jdk.internal.jvmstat@21.0.8
j  sun.jvmstat.perfdata.monitor.AbstractPerfDataBuffer.findByName(Ljava/lang/String;)Lsun/jvmstat/monitor/Monitor;+5 jdk.internal.jvmstat@21.0.8
j  sun.jvmstat.perfdata.monitor.AbstractMonitoredVm.findByName(Ljava/lang/String;)Lsun/jvmstat/monitor/Monitor;+5 jdk.internal.jvmstat@21.0.8
j  sun.jvmstat.monitor.MonitoredVmUtil.isAttachable(Lsun/jvmstat/monitor/MonitoredVm;)Z+3 jdk.internal.jvmstat@21.0.8
j  sun.tools.attach.HotSpotAttachProvider.testAttachable(Ljava/lang/String;)V+25 jdk.attach@21.0.8
j  sun.tools.attach.AttachProviderImpl.attachVirtualMachine(Ljava/lang/String;)Lcom/sun/tools/attach/VirtualMachine;+6 jdk.attach@21.0.8
j  com.sun.tools.attach.VirtualMachine.attach(Ljava/lang/String;)Lcom/sun/tools/attach/VirtualMachine;+69 jdk.attach@21.0.8
j  java.lang.invoke.DirectMethodHandle$Holder.invokeStatic(Ljava/lang/Object;Ljava/lang/Object;)Ljava/lang/Object;+10 java.base@21.0.8
j  java.lang.invoke.LambdaForm$MH+0x0000018d01002800.invoke(Ljava/lang/Object;Ljava/lang/Object;Ljava/lang/Object;)Ljava/lang/Object;+33 java.base@21.0.8
j  java.lang.invoke.Invokers$Holder.invokeExact_MT(Ljava/lang/Object;Ljava/lang/Object;Ljava/lang/Object;Ljava/lang/Object;)Ljava/lang/Object;+20 java.base@21.0.8
j  jdk.internal.reflect.DirectMethodHandleAccessor.invokeImpl(Ljava/lang/Object;[Ljava/lang/Object;)Ljava/lang/Object;+55 java.base@21.0.8
j  jdk.internal.reflect.DirectMethodHandleAccessor.invoke(Ljava/lang/Object;[Ljava/lang/Object;)Ljava/lang/Object;+23 java.base@21.0.8
j  java.lang.reflect.Method.invoke(Ljava/lang/Object;[Ljava/lang/Object;)Ljava/lang/Object;+102 java.base@21.0.8
j  net.bytebuddy.agent.Attacher.install(Ljava/lang/Class;Ljava/lang/String;Ljava/lang/String;ZLjava/lang/String;)V+24
j  net.bytebuddy.agent.Attacher.main([Ljava/lang/String;)V+86
v  ~StubRoutines::call_stub 0x0000018d711c100d
new  187 new  [0x0000018d711da800, 0x0000018d711daa08]  520 bytes
[MachCode]
  0x0000018d711da800: 4883 ec08 | c5fa 1104 | 24eb 1f48 | 83ec 10c5 | fb11 0424 | eb14 4883 | ec10 4889 | 0424 48c7 
  0x0000018d711da820: 4424 0800 | 0000 00eb | 0150 410f | b755 010f | cac1 ea10 | 488b 4de8 | 488b 4908 | 488b 4908 
  0x0000018d711da840: 488b 4108 | 807c 1004 | 070f 85d3 | 0000 0066 | 8b54 d148 | 488b 4928 | 488b 4cd1 | 0851 80b9 
  0x0000018d711da860: 3101 0000 | 040f 85b6 | 0000 008b | 5108 f6c2 | 010f 85aa | 0000 0049 | 8b87 b801 | 0000 488d 
  0x0000018d711da880: 1c10 493b | 9fc8 0100 | 000f 8792 | 0000 0049 | 899f b801 | 0000 4883 | ea10 0f84 | 0f00 0000 
  0x0000018d711da8a0: 33c9 c1ea | 0348 894c | d008 48ff | ca75 f648 | c700 0100 | 0000 5933 | f689 700c | 49ba 0000 
  0x0000018d711da8c0: 0000 8d01 | 0000 492b | ca89 4808 | 49ba ebcb | fa82 f87f | 0000 4180 | 3a00 0f84 | 3c00 0000 
  0x0000018d711da8e0: 5048 8bc8 | 4883 ec20 | 40f6 c40f | 0f84 1900 | 0000 4883 | ec08 48b8 | 9053 a482 | f87f 0000 
  0x0000018d711da900: ffd0 4883 | c408 e90c | 0000 0048 | b890 53a4 | 82f8 7f00 | 00ff d048 | 83c4 2058 | e9cb 0000 
  0x0000018d711da920: 0059 488b | 55e8 488b | 5208 488b | 5208 450f | b745 0141 | 0fc8 41c1 | e810 e805 | 0000 00e9 
  0x0000018d711da940: a800 0000 | 488d 4424 | 084c 896d | c049 8bcf | c5f8 7749 | 89af a803 | 0000 4989 | 8798 0300 
  0x0000018d711da960: 0048 83ec | 2040 f6c4 | 0f0f 8419 | 0000 0048 | 83ec 0848 | b870 1a6e | 82f8 7f00 | 00ff d048 
  0x0000018d711da980: 83c4 08e9 | 0c00 0000 | 48b8 701a | 6e82 f87f | 0000 ffd0 | 4883 c420 | 49c7 8798 | 0300 0000 
  0x0000018d711da9a0: 0000 0049 | c787 a803 | 0000 0000 | 0000 49c7 | 87a0 0300 | 0000 0000 | 00c5 f877 | 4983 7f08 
  0x0000018d711da9c0: 000f 8405 | 0000 00e9 | 3465 feff | 498b 87f0 | 0300 0049 | c787 f003 | 0000 0000 | 0000 4c8b 
  0x0000018d711da9e0: 6dc0 4c8b | 75c8 4e8d | 74f5 00c3 | 410f b65d | 0349 83c5 | 0349 bac0 | 93fd 82f8 | 7f00 0041 
  0x0000018d711daa00: ff24 da0f | 1f44 0000 
[/MachCode]

---------------  P R O C E S S  ---------------

Threads class SMR info:
_java_thread_list=0x0000018d7fa6c0b0, length=11, elements={
0x0000018d5dd2e2c0, 0x0000018d7f8ae8c0, 0x0000018d7f8af510, 0x0000018d7f8b6a10,
0x0000018d7f8b9080, 0x0000018d7f8b96e0, 0x0000018d7f8b9d40, 0x0000018d7f8c2810,
0x0000018d7f8c83d0, 0x0000018d7fa6d410, 0x0000018d7fa88470
}

Java Threads: ( => current thread )
=>0x0000018d5dd2e2c0 JavaThread "main"                              [_thread_in_vm, id=10124, stack(0x00000023edd00000,0x00000023ede00000) (1024K)]
  0x0000018d7f8ae8c0 JavaThread "Reference Handler"          daemon [_thread_blocked, id=27264, stack(0x00000023ee500000,0x00000023ee600000) (1024K)]
  0x0000018d7f8af510 JavaThread "Finalizer"                  daemon [_thread_blocked, id=14180, stack(0x00000023ee600000,0x00000023ee700000) (1024K)]
  0x0000018d7f8b6a10 JavaThread "Signal Dispatcher"          daemon [_thread_blocked, id=27964, stack(0x00000023ee700000,0x00000023ee800000) (1024K)]
  0x0000018d7f8b9080 JavaThread "Attach Listener"            daemon [_thread_blocked, id=30972, stack(0x00000023ee800000,0x00000023ee900000) (1024K)]
  0x0000018d7f8b96e0 JavaThread "Service Thread"             daemon [_thread_blocked, id=18760, stack(0x00000023ee900000,0x00000023eea00000) (1024K)]
  0x0000018d7f8b9d40 JavaThread "Monitor Deflation Thread"   daemon [_thread_blocked, id=29148, stack(0x00000023eea00000,0x00000023eeb00000) (1024K)]
  0x0000018d7f8c2810 JavaThread "C2 CompilerThread0"         daemon [_thread_blocked, id=30320, stack(0x00000023eeb00000,0x00000023eec00000) (1024K)]
  0x0000018d7f8c83d0 JavaThread "C1 CompilerThread0"         daemon [_thread_blocked, id=29888, stack(0x00000023eec00000,0x00000023eed00000) (1024K)]
  0x0000018d7fa6d410 JavaThread "Notification Thread"        daemon [_thread_blocked, id=28912, stack(0x00000023eed00000,0x00000023eee00000) (1024K)]
  0x0000018d7fa88470 JavaThread "Common-Cleaner"             daemon [_thread_blocked, id=29504, stack(0x00000023eee00000,0x00000023eef00000) (1024K)]
Total: 11

Other Threads:
  0x0000018d7f896920 VMThread "VM Thread"                           [id=15140, stack(0x00000023ee400000,0x00000023ee500000) (1024K)]
  0x0000018d7f882410 WatcherThread "VM Periodic Task Thread"        [id=17732, stack(0x00000023ee300000,0x00000023ee400000) (1024K)]
  0x0000018d601f9850 WorkerThread "GC Thread#0"                     [id=32500, stack(0x00000023ede00000,0x00000023edf00000) (1024K)]
  0x0000018d60206bc0 ConcurrentGCThread "G1 Main Marker"            [id=22668, stack(0x00000023edf00000,0x00000023ee000000) (1024K)]
  0x0000018d60208540 WorkerThread "G1 Conc#0"                       [id=32108, stack(0x00000023ee000000,0x00000023ee100000) (1024K)]
  0x0000018d6026ea20 ConcurrentGCThread "G1 Refine#0"               [id=28524, stack(0x00000023ee100000,0x00000023ee200000) (1024K)]
  0x0000018d7f74f630 ConcurrentGCThread "G1 Service"                [id=13616, stack(0x00000023ee200000,0x00000023ee300000) (1024K)]
Total: 7

Threads with active compile tasks:
Total: 0

VM state: not at safepoint (normal execution)

VM Mutex/Monitor currently owned by a thread:  ([mutex/lock_event])
[0x00007ff882fc33f8] Metaspace_lock - owner thread: 0x0000018d5dd2e2c0

Heap address: 0x0000000744800000, size: 3000 MB, Compressed Oops mode: Zero based, Oop shift amount: 3

CDS archive(s) mapped at: [0x0000018d00000000-0x0000018d00c90000-0x0000018d00c90000), size 13172736, SharedBaseAddress: 0x0000018d00000000, ArchiveRelocationMode: 1.
Compressed class space mapped at: 0x0000018d01000000-0x0000018d41000000, reserved size: 1073741824
Narrow klass base: 0x0000018d00000000, Narrow klass shift: 0, Narrow klass range: 0x100000000

GC Precious Log:
 CardTable entry size: 512
 Card Set container configuration: InlinePtr #cards 4 size 8 Array Of Cards #cards 16 size 48 Howl #buckets 8 coarsen threshold 3686 Howl Bitmap #cards 512 size 80 coarsen threshold 460 Card regions per heap region 1 cards per card region 4096
 CPUs: 12 total, 12 available
 Memory: 11995M
 Large Page Support: Disabled
 NUMA Support: Disabled
 Compressed Oops: Enabled (Zero based)
 Heap Region Size: 2M
 Heap Min Capacity: 8M
 Heap Initial Capacity: 188M
 Heap Max Capacity: 3000M
 Pre-touch: Disabled
 Parallel Workers: 10
 Concurrent Workers: 3
 Concurrent Refinement Workers: 10
 Periodic GC: Disabled

Heap:
 garbage-first heap   total 192512K, used 2048K [0x0000000744800000, 0x0000000800000000)
  region size 2048K, 2 young (4096K), 0 survivors (0K)
 Metaspace       used 752K, committed 896K, reserved 1114112K
  class space    used 78K, committed 192K, reserved 1048576K

Heap Regions: E=young(eden), S=young(survivor), O=old, HS=humongous(starts), HC=humongous(continues), CS=collection set, F=free, TAMS=top-at-mark-start, PB=parsable bottom
|   0|0x0000000744800000, 0x0000000744800000, 0x0000000744a00000|  0%| F|  |TAMS 0x0000000744800000| PB 0x0000000744800000| Untracked 
|   1|0x0000000744a00000, 0x0000000744a00000, 0x0000000744c00000|  0%| F|  |TAMS 0x0000000744a00000| PB 0x0000000744a00000| Untracked 
|   2|0x0000000744c00000, 0x0000000744c00000, 0x0000000744e00000|  0%| F|  |TAMS 0x0000000744c00000| PB 0x0000000744c00000| Untracked 
|   3|0x0000000744e00000, 0x0000000744e00000, 0x0000000745000000|  0%| F|  |TAMS 0x0000000744e00000| PB 0x0000000744e00000| Untracked 
|   4|0x0000000745000000, 0x0000000745000000, 0x0000000745200000|  0%| F|  |TAMS 0x0000000745000000| PB 0x0000000745000000| Untracked 
|   5|0x0000000745200000, 0x0000000745200000, 0x0000000745400000|  0%| F|  |TAMS 0x0000000745200000| PB 0x0000000745200000| Untracked 
|   6|0x0000000745400000, 0x0000000745400000, 0x0000000745600000|  0%| F|  |TAMS 0x0000000745400000| PB 0x0000000745400000| Untracked 
|   7|0x0000000745600000, 0x0000000745600000, 0x0000000745800000|  0%| F|  |TAMS 0x0000000745600000| PB 0x0000000745600000| Untracked 
|   8|0x0000000745800000, 0x0000000745800000, 0x0000000745a00000|  0%| F|  |TAMS 0x0000000745800000| PB 0x0000000745800000| Untracked 
|   9|0x0000000745a00000, 0x0000000745a00000, 0x0000000745c00000|  0%| F|  |TAMS 0x0000000745a00000| PB 0x0000000745a00000| Untracked 
|  10|0x0000000745c00000, 0x0000000745c00000, 0x0000000745e00000|  0%| F|  |TAMS 0x0000000745c00000| PB 0x0000000745c00000| Untracked 
|  11|0x0000000745e00000, 0x0000000745e00000, 0x0000000746000000|  0%| F|  |TAMS 0x0000000745e00000| PB 0x0000000745e00000| Untracked 
|  12|0x0000000746000000, 0x0000000746000000, 0x0000000746200000|  0%| F|  |TAMS 0x0000000746000000| PB 0x0000000746000000| Untracked 
|  13|0x0000000746200000, 0x0000000746200000, 0x0000000746400000|  0%| F|  |TAMS 0x0000000746200000| PB 0x0000000746200000| Untracked 
|  14|0x0000000746400000, 0x0000000746400000, 0x0000000746600000|  0%| F|  |TAMS 0x0000000746400000| PB 0x0000000746400000| Untracked 
|  15|0x0000000746600000, 0x0000000746600000, 0x0000000746800000|  0%| F|  |TAMS 0x0000000746600000| PB 0x0000000746600000| Untracked 
|  16|0x0000000746800000, 0x0000000746800000, 0x0000000746a00000|  0%| F|  |TAMS 0x0000000746800000| PB 0x0000000746800000| Untracked 
|  17|0x0000000746a00000, 0x0000000746a00000, 0x0000000746c00000|  0%| F|  |TAMS 0x0000000746a00000| PB 0x0000000746a00000| Untracked 
|  18|0x0000000746c00000, 0x0000000746c00000, 0x0000000746e00000|  0%| F|  |TAMS 0x0000000746c00000| PB 0x0000000746c00000| Untracked 
|  19|0x0000000746e00000, 0x0000000746e00000, 0x0000000747000000|  0%| F|  |TAMS 0x0000000746e00000| PB 0x0000000746e00000| Untracked 
|  20|0x0000000747000000, 0x0000000747000000, 0x0000000747200000|  0%| F|  |TAMS 0x0000000747000000| PB 0x0000000747000000| Untracked 
|  21|0x0000000747200000, 0x0000000747200000, 0x0000000747400000|  0%| F|  |TAMS 0x0000000747200000| PB 0x0000000747200000| Untracked 
|  22|0x0000000747400000, 0x0000000747400000, 0x0000000747600000|  0%| F|  |TAMS 0x0000000747400000| PB 0x0000000747400000| Untracked 
|  23|0x0000000747600000, 0x0000000747600000, 0x0000000747800000|  0%| F|  |TAMS 0x0000000747600000| PB 0x0000000747600000| Untracked 
|  24|0x0000000747800000, 0x0000000747800000, 0x0000000747a00000|  0%| F|  |TAMS 0x0000000747800000| PB 0x0000000747800000| Untracked 
|  25|0x0000000747a00000, 0x0000000747a00000, 0x0000000747c00000|  0%| F|  |TAMS 0x0000000747a00000| PB 0x0000000747a00000| Untracked 
|  26|0x0000000747c00000, 0x0000000747c00000, 0x0000000747e00000|  0%| F|  |TAMS 0x0000000747c00000| PB 0x0000000747c00000| Untracked 
|  27|0x0000000747e00000, 0x0000000747e00000, 0x0000000748000000|  0%| F|  |TAMS 0x0000000747e00000| PB 0x0000000747e00000| Untracked 
|  28|0x0000000748000000, 0x0000000748000000, 0x0000000748200000|  0%| F|  |TAMS 0x0000000748000000| PB 0x0000000748000000| Untracked 
|  29|0x0000000748200000, 0x0000000748200000, 0x0000000748400000|  0%| F|  |TAMS 0x0000000748200000| PB 0x0000000748200000| Untracked 
|  30|0x0000000748400000, 0x0000000748400000, 0x0000000748600000|  0%| F|  |TAMS 0x0000000748400000| PB 0x0000000748400000| Untracked 
|  31|0x0000000748600000, 0x0000000748600000, 0x0000000748800000|  0%| F|  |TAMS 0x0000000748600000| PB 0x0000000748600000| Untracked 
|  32|0x0000000748800000, 0x0000000748800000, 0x0000000748a00000|  0%| F|  |TAMS 0x0000000748800000| PB 0x0000000748800000| Untracked 
|  33|0x0000000748a00000, 0x0000000748a00000, 0x0000000748c00000|  0%| F|  |TAMS 0x0000000748a00000| PB 0x0000000748a00000| Untracked 
|  34|0x0000000748c00000, 0x0000000748c00000, 0x0000000748e00000|  0%| F|  |TAMS 0x0000000748c00000| PB 0x0000000748c00000| Untracked 
|  35|0x0000000748e00000, 0x0000000748e00000, 0x0000000749000000|  0%| F|  |TAMS 0x0000000748e00000| PB 0x0000000748e00000| Untracked 
|  36|0x0000000749000000, 0x0000000749000000, 0x0000000749200000|  0%| F|  |TAMS 0x0000000749000000| PB 0x0000000749000000| Untracked 
|  37|0x0000000749200000, 0x0000000749200000, 0x0000000749400000|  0%| F|  |TAMS 0x0000000749200000| PB 0x0000000749200000| Untracked 
|  38|0x0000000749400000, 0x0000000749400000, 0x0000000749600000|  0%| F|  |TAMS 0x0000000749400000| PB 0x0000000749400000| Untracked 
|  39|0x0000000749600000, 0x0000000749600000, 0x0000000749800000|  0%| F|  |TAMS 0x0000000749600000| PB 0x0000000749600000| Untracked 
|  40|0x0000000749800000, 0x0000000749800000, 0x0000000749a00000|  0%| F|  |TAMS 0x0000000749800000| PB 0x0000000749800000| Untracked 
|  41|0x0000000749a00000, 0x0000000749a00000, 0x0000000749c00000|  0%| F|  |TAMS 0x0000000749a00000| PB 0x0000000749a00000| Untracked 
|  42|0x0000000749c00000, 0x0000000749c00000, 0x0000000749e00000|  0%| F|  |TAMS 0x0000000749c00000| PB 0x0000000749c00000| Untracked 
|  43|0x0000000749e00000, 0x0000000749e00000, 0x000000074a000000|  0%| F|  |TAMS 0x0000000749e00000| PB 0x0000000749e00000| Untracked 
|  44|0x000000074a000000, 0x000000074a000000, 0x000000074a200000|  0%| F|  |TAMS 0x000000074a000000| PB 0x000000074a000000| Untracked 
|  45|0x000000074a200000, 0x000000074a200000, 0x000000074a400000|  0%| F|  |TAMS 0x000000074a200000| PB 0x000000074a200000| Untracked 
|  46|0x000000074a400000, 0x000000074a400000, 0x000000074a600000|  0%| F|  |TAMS 0x000000074a400000| PB 0x000000074a400000| Untracked 
|  47|0x000000074a600000, 0x000000074a600000, 0x000000074a800000|  0%| F|  |TAMS 0x000000074a600000| PB 0x000000074a600000| Untracked 
|  48|0x000000074a800000, 0x000000074a800000, 0x000000074aa00000|  0%| F|  |TAMS 0x000000074a800000| PB 0x000000074a800000| Untracked 
|  49|0x000000074aa00000, 0x000000074aa00000, 0x000000074ac00000|  0%| F|  |TAMS 0x000000074aa00000| PB 0x000000074aa00000| Untracked 
|  50|0x000000074ac00000, 0x000000074ac00000, 0x000000074ae00000|  0%| F|  |TAMS 0x000000074ac00000| PB 0x000000074ac00000| Untracked 
|  51|0x000000074ae00000, 0x000000074ae00000, 0x000000074b000000|  0%| F|  |TAMS 0x000000074ae00000| PB 0x000000074ae00000| Untracked 
|  52|0x000000074b000000, 0x000000074b000000, 0x000000074b200000|  0%| F|  |TAMS 0x000000074b000000| PB 0x000000074b000000| Untracked 
|  53|0x000000074b200000, 0x000000074b200000, 0x000000074b400000|  0%| F|  |TAMS 0x000000074b200000| PB 0x000000074b200000| Untracked 
|  54|0x000000074b400000, 0x000000074b400000, 0x000000074b600000|  0%| F|  |TAMS 0x000000074b400000| PB 0x000000074b400000| Untracked 
|  55|0x000000074b600000, 0x000000074b600000, 0x000000074b800000|  0%| F|  |TAMS 0x000000074b600000| PB 0x000000074b600000| Untracked 
|  56|0x000000074b800000, 0x000000074b800000, 0x000000074ba00000|  0%| F|  |TAMS 0x000000074b800000| PB 0x000000074b800000| Untracked 
|  57|0x000000074ba00000, 0x000000074ba00000, 0x000000074bc00000|  0%| F|  |TAMS 0x000000074ba00000| PB 0x000000074ba00000| Untracked 
|  58|0x000000074bc00000, 0x000000074bc00000, 0x000000074be00000|  0%| F|  |TAMS 0x000000074bc00000| PB 0x000000074bc00000| Untracked 
|  59|0x000000074be00000, 0x000000074be00000, 0x000000074c000000|  0%| F|  |TAMS 0x000000074be00000| PB 0x000000074be00000| Untracked 
|  60|0x000000074c000000, 0x000000074c000000, 0x000000074c200000|  0%| F|  |TAMS 0x000000074c000000| PB 0x000000074c000000| Untracked 
|  61|0x000000074c200000, 0x000000074c200000, 0x000000074c400000|  0%| F|  |TAMS 0x000000074c200000| PB 0x000000074c200000| Untracked 
|  62|0x000000074c400000, 0x000000074c400000, 0x000000074c600000|  0%| F|  |TAMS 0x000000074c400000| PB 0x000000074c400000| Untracked 
|  63|0x000000074c600000, 0x000000074c600000, 0x000000074c800000|  0%| F|  |TAMS 0x000000074c600000| PB 0x000000074c600000| Untracked 
|  64|0x000000074c800000, 0x000000074c800000, 0x000000074ca00000|  0%| F|  |TAMS 0x000000074c800000| PB 0x000000074c800000| Untracked 
|  65|0x000000074ca00000, 0x000000074ca00000, 0x000000074cc00000|  0%| F|  |TAMS 0x000000074ca00000| PB 0x000000074ca00000| Untracked 
|  66|0x000000074cc00000, 0x000000074cc00000, 0x000000074ce00000|  0%| F|  |TAMS 0x000000074cc00000| PB 0x000000074cc00000| Untracked 
|  67|0x000000074ce00000, 0x000000074ce00000, 0x000000074d000000|  0%| F|  |TAMS 0x000000074ce00000| PB 0x000000074ce00000| Untracked 
|  68|0x000000074d000000, 0x000000074d000000, 0x000000074d200000|  0%| F|  |TAMS 0x000000074d000000| PB 0x000000074d000000| Untracked 
|  69|0x000000074d200000, 0x000000074d200000, 0x000000074d400000|  0%| F|  |TAMS 0x000000074d200000| PB 0x000000074d200000| Untracked 
|  70|0x000000074d400000, 0x000000074d400000, 0x000000074d600000|  0%| F|  |TAMS 0x000000074d400000| PB 0x000000074d400000| Untracked 
|  71|0x000000074d600000, 0x000000074d600000, 0x000000074d800000|  0%| F|  |TAMS 0x000000074d600000| PB 0x000000074d600000| Untracked 
|  72|0x000000074d800000, 0x000000074d800000, 0x000000074da00000|  0%| F|  |TAMS 0x000000074d800000| PB 0x000000074d800000| Untracked 
|  73|0x000000074da00000, 0x000000074da00000, 0x000000074dc00000|  0%| F|  |TAMS 0x000000074da00000| PB 0x000000074da00000| Untracked 
|  74|0x000000074dc00000, 0x000000074dc00000, 0x000000074de00000|  0%| F|  |TAMS 0x000000074dc00000| PB 0x000000074dc00000| Untracked 
|  75|0x000000074de00000, 0x000000074de00000, 0x000000074e000000|  0%| F|  |TAMS 0x000000074de00000| PB 0x000000074de00000| Untracked 
|  76|0x000000074e000000, 0x000000074e000000, 0x000000074e200000|  0%| F|  |TAMS 0x000000074e000000| PB 0x000000074e000000| Untracked 
|  77|0x000000074e200000, 0x000000074e200000, 0x000000074e400000|  0%| F|  |TAMS 0x000000074e200000| PB 0x000000074e200000| Untracked 
|  78|0x000000074e400000, 0x000000074e400000, 0x000000074e600000|  0%| F|  |TAMS 0x000000074e400000| PB 0x000000074e400000| Untracked 
|  79|0x000000074e600000, 0x000000074e600000, 0x000000074e800000|  0%| F|  |TAMS 0x000000074e600000| PB 0x000000074e600000| Untracked 
|  80|0x000000074e800000, 0x000000074e800000, 0x000000074ea00000|  0%| F|  |TAMS 0x000000074e800000| PB 0x000000074e800000| Untracked 
|  81|0x000000074ea00000, 0x000000074ea00000, 0x000000074ec00000|  0%| F|  |TAMS 0x000000074ea00000| PB 0x000000074ea00000| Untracked 
|  82|0x000000074ec00000, 0x000000074ec00000, 0x000000074ee00000|  0%| F|  |TAMS 0x000000074ec00000| PB 0x000000074ec00000| Untracked 
|  83|0x000000074ee00000, 0x000000074ee00000, 0x000000074f000000|  0%| F|  |TAMS 0x000000074ee00000| PB 0x000000074ee00000| Untracked 
|  84|0x000000074f000000, 0x000000074f000000, 0x000000074f200000|  0%| F|  |TAMS 0x000000074f000000| PB 0x000000074f000000| Untracked 
|  85|0x000000074f200000, 0x000000074f200000, 0x000000074f400000|  0%| F|  |TAMS 0x000000074f200000| PB 0x000000074f200000| Untracked 
|  86|0x000000074f400000, 0x000000074f400000, 0x000000074f600000|  0%| F|  |TAMS 0x000000074f400000| PB 0x000000074f400000| Untracked 
|  87|0x000000074f600000, 0x000000074f600000, 0x000000074f800000|  0%| F|  |TAMS 0x000000074f600000| PB 0x000000074f600000| Untracked 
|  88|0x000000074f800000, 0x000000074f800000, 0x000000074fa00000|  0%| F|  |TAMS 0x000000074f800000| PB 0x000000074f800000| Untracked 
|  89|0x000000074fa00000, 0x000000074fa00000, 0x000000074fc00000|  0%| F|  |TAMS 0x000000074fa00000| PB 0x000000074fa00000| Untracked 
|  90|0x000000074fc00000, 0x000000074fc00000, 0x000000074fe00000|  0%| F|  |TAMS 0x000000074fc00000| PB 0x000000074fc00000| Untracked 
|  91|0x000000074fe00000, 0x000000074fe00000, 0x0000000750000000|  0%| F|  |TAMS 0x000000074fe00000| PB 0x000000074fe00000| Untracked 
|  92|0x0000000750000000, 0x0000000750152000, 0x0000000750200000| 66%| E|  |TAMS 0x0000000750000000| PB 0x0000000750000000| Complete 
|  93|0x0000000750200000, 0x0000000750400000, 0x0000000750400000|100%| E|CS|TAMS 0x0000000750200000| PB 0x0000000750200000| Complete 

Card table byte_map: [0x0000018d797c0000,0x0000018d79da0000] _byte_map_base: 0x0000018d75d9c000

Marking Bits: (CMBitMap*) 0x0000018d601fa760
 Bits: [0x0000018d79da0000, 0x0000018d7cc80000)

Polling page: 0x0000018d5e060000

Metaspace:

Usage:
  Non-class:    674.01 KB used.
      Class:     78.07 KB used.
       Both:    752.08 KB used.

Virtual space:
  Non-class space:       64.00 MB reserved,     704.00 KB (  1%) committed,  1 nodes.
      Class space:        1.00 GB reserved,     192.00 KB ( <1%) committed,  1 nodes.
             Both:        1.06 GB reserved,     896.00 KB ( <1%) committed. 

Chunk freelists:
   Non-Class:  11.75 MB
       Class:  15.68 MB
        Both:  27.43 MB

MaxMetaspaceSize: unlimited
CompressedClassSpaceSize: 1.00 GB
Initial GC threshold: 21.00 MB
Current GC threshold: 21.00 MB
CDS: on
 - commit_granule_bytes: 65536.
 - commit_granule_words: 8192.
 - virtual_space_node_default_size: 8388608.
 - enlarge_chunks_in_place: 1.
 - use_allocation_guard: 0.


Internal statistics:

num_allocs_failed_limit: 0.
num_arena_births: 54.
num_arena_deaths: 0.
num_vsnodes_births: 2.
num_vsnodes_deaths: 0.
num_space_committed: 14.
num_space_uncommitted: 0.
num_chunks_returned_to_freelist: 0.
num_chunks_taken_from_freelist: 75.
num_chunk_merges: 0.
num_chunk_splits: 48.
num_chunks_enlarged: 28.
num_inconsistent_stats: 0.

CodeHeap 'non-profiled nmethods': size=120000Kb used=109Kb max_used=109Kb free=119890Kb
 bounds [0x0000018d71760000, 0x0000018d719d0000, 0x0000018d78c90000]
CodeHeap 'profiled nmethods': size=120000Kb used=364Kb max_used=364Kb free=119635Kb
 bounds [0x0000018d69c90000, 0x0000018d69f00000, 0x0000018d711c0000]
CodeHeap 'non-nmethods': size=5760Kb used=1286Kb max_used=1300Kb free=4473Kb
 bounds [0x0000018d711c0000, 0x0000018d71430000, 0x0000018d71760000]
CodeCache: size=245760Kb, used=1759Kb, max_used=1773Kb, free=243998Kb
 total_blobs=711, nmethods=308, adapters=308, full_count=0
Compilation: enabled, stopped_count=0, restarted_count=0

Compilation events (20 events):
Event: 0.145 Thread 0x0000018d7f8c2810 nmethod 296 0x0000018d7177a190 code [0x0000018d7177a320, 0x0000018d7177a3c8]
Event: 0.145 Thread 0x0000018d7f8c83d0 nmethod 294 0x0000018d69ce6590 code [0x0000018d69ce6780, 0x0000018d69ce6c08]
Event: 0.145 Thread 0x0000018d7f8c83d0  295       3       java.lang.Integer::numberOfTrailingZeros (80 bytes)
Event: 0.145 Thread 0x0000018d7f8c2810  306   !   4       java.nio.DirectByteBuffer::get (33 bytes)
Event: 0.145 Thread 0x0000018d7f8c83d0 nmethod 295 0x0000018d69ce6d90 code [0x0000018d69ce6f40, 0x0000018d69ce7178]
Event: 0.145 Thread 0x0000018d7f8c83d0  289       3       java.lang.Long::numberOfTrailingZeros (26 bytes)
Event: 0.145 Thread 0x0000018d7f8c83d0 nmethod 289 0x0000018d69ce7210 code [0x0000018d69ce73e0, 0x0000018d69ce7590]
Event: 0.145 Thread 0x0000018d7f8c83d0  298   !   3       java.nio.DirectByteBuffer::getInt (27 bytes)
Event: 0.145 Thread 0x0000018d7f8c83d0 nmethod 298 0x0000018d69ce7690 code [0x0000018d69ce7880, 0x0000018d69ce7c10]
Event: 0.145 Thread 0x0000018d7f8c83d0  299       3       java.nio.Buffer::nextGetIndex (32 bytes)
Event: 0.145 Thread 0x0000018d7f8c83d0 nmethod 299 0x0000018d69ce7e90 code [0x0000018d69ce8040, 0x0000018d69ce8210]
Event: 0.145 Thread 0x0000018d7f8c83d0  300   !   3       java.nio.DirectByteBuffer::getInt (36 bytes)
Event: 0.146 Thread 0x0000018d7f8c83d0 nmethod 300 0x0000018d69ce8310 code [0x0000018d69ce8560, 0x0000018d69ce8e70]
Event: 0.146 Thread 0x0000018d7f8c83d0  302   !   3       jdk.internal.misc.ScopedMemoryAccess::getIntUnaligned (18 bytes)
Event: 0.146 Thread 0x0000018d7f8c2810 nmethod 306 0x0000018d7177a490 code [0x0000018d7177a620, 0x0000018d7177a708]
Event: 0.147 Thread 0x0000018d7f8c83d0 nmethod 302 0x0000018d69ce9310 code [0x0000018d69ce9500, 0x0000018d69ce99f8]
Event: 0.147 Thread 0x0000018d7f8c83d0  303   !   3       jdk.internal.misc.ScopedMemoryAccess::getIntUnalignedInternal (36 bytes)
Event: 0.147 Thread 0x0000018d7f8c83d0 nmethod 303 0x0000018d69ce9c90 code [0x0000018d69ce9e60, 0x0000018d69cea200]
Event: 0.147 Thread 0x0000018d7f8c83d0  304       3       jdk.internal.misc.Unsafe::getIntUnaligned (12 bytes)
Event: 0.147 Thread 0x0000018d7f8c83d0 nmethod 304 0x0000018d69cea410 code [0x0000018d69cea5c0, 0x0000018d69cea818]

GC Heap History (0 events):
No events

Dll operation events (7 events):
Event: 0.008 Loaded shared library C:\Program Files\OpenLogic\jdk-21.0.8.9-hotspot\bin\java.dll
Event: 0.042 Loaded shared library C:\Program Files\OpenLogic\jdk-21.0.8.9-hotspot\bin\jsvml.dll
Event: 0.064 Loaded shared library C:\Program Files\OpenLogic\jdk-21.0.8.9-hotspot\bin\net.dll
Event: 0.067 Loaded shared library C:\Program Files\OpenLogic\jdk-21.0.8.9-hotspot\bin\nio.dll
Event: 0.071 Loaded shared library C:\Program Files\OpenLogic\jdk-21.0.8.9-hotspot\bin\zip.dll
Event: 0.078 Loaded shared library C:\Program Files\OpenLogic\jdk-21.0.8.9-hotspot\bin\jimage.dll
Event: 0.103 Loaded shared library C:\Program Files\OpenLogic\jdk-21.0.8.9-hotspot\bin\attach.dll

Deoptimization events (4 events):
Event: 0.069 Thread 0x0000018d5dd2e2c0 Uncommon trap: trap_request=0xffffff45 fr.pc=0x0000018d71763c6c relative=0x00000000000000cc
Event: 0.069 Thread 0x0000018d5dd2e2c0 Uncommon trap: reason=unstable_if action=reinterpret pc=0x0000018d71763c6c method=java.lang.String.hashCode()I @ 42 c2
Event: 0.069 Thread 0x0000018d5dd2e2c0 DEOPT PACKING pc=0x0000018d71763c6c sp=0x00000023eddfca10
Event: 0.069 Thread 0x0000018d5dd2e2c0 DEOPT UNPACKING pc=0x0000018d712146a2 sp=0x00000023eddfc9a8 mode 2

Classes loaded (20 events):
Event: 0.129 Loading class java/net/MalformedURLException done
Event: 0.129 Loading class java/lang/InterruptedException
Event: 0.129 Loading class java/lang/InterruptedException done
Event: 0.130 Loading class sun/invoke/util/ValueConversions$1
Event: 0.131 Loading class sun/invoke/util/ValueConversions$1 done
Event: 0.131 Loading class java/lang/invoke/BoundMethodHandle$Species_LI
Event: 0.131 Loading class java/lang/invoke/BoundMethodHandle$Species_LI done
Event: 0.137 Loading class java/nio/HeapIntBuffer
Event: 0.138 Loading class java/nio/HeapIntBuffer done
Event: 0.140 Loading class jdk/internal/foreign/MemorySessionImpl
Event: 0.140 Loading class java/lang/foreign/MemorySegment$Scope
Event: 0.140 Loading class java/lang/foreign/MemorySegment$Scope done
Event: 0.140 Loading class jdk/internal/foreign/MemorySessionImpl done
Event: 0.146 Loading class java/io/Reader
Event: 0.146 Loading class java/io/Reader done
Event: 0.146 Loading class java/io/InputStreamReader
Event: 0.146 Loading class java/io/InputStreamReader done
Event: 0.146 Loading class java/io/BufferedReader
Event: 0.147 Loading class java/io/BufferedReader done
Event: 0.147 Loading class sun/net/www/protocol/jrt/JavaRuntimeURLConnection

Classes unloaded (0 events):
No events

Classes redefined (0 events):
No events

Internal exceptions (4 events):
Event: 0.130 Thread 0x0000018d5dd2e2c0 Exception <a 'java/lang/NoSuchMethodError'{0x000000075010ddf8}: 'java.lang.Object java.lang.invoke.DirectMethodHandle$Holder.newInvokeSpecial(java.lang.Object, java.lang.Object, int)'> (0x000000075010ddf8) 
thrown [s\src\hotspot\share\interpreter\linkResolver.cpp, line 773]
Event: 0.131 Thread 0x0000018d5dd2e2c0 Exception <a 'java/lang/NoSuchMethodError'{0x00000007501128b0}: 'int java.lang.invoke.DirectMethodHandle$Holder.invokeSpecial(java.lang.Object, java.lang.Object, java.lang.Object, int)'> (0x00000007501128b0) 
thrown [s\src\hotspot\share\interpreter\linkResolver.cpp, line 773]
Event: 0.133 Thread 0x0000018d5dd2e2c0 Exception <a 'java/lang/NoSuchMethodError'{0x0000000750125360}: 'java.lang.Object java.lang.invoke.DirectMethodHandle$Holder.invokeStatic(java.lang.Object, java.lang.Object, java.lang.Object, java.lang.Object, int)'> (0x0000000750125360) 
thrown [s\src\hotspot\share\interpreter\linkResolver.cpp, line 773]
Event: 0.136 Thread 0x0000018d5dd2e2c0 Exception <a 'java/lang/NoSuchMethodError'{0x0000000750131410}: 'int java.lang.invoke.DirectMethodHandle$Holder.invokeSpecial(java.lang.Object, java.lang.Object, java.lang.Object)'> (0x0000000750131410) 
thrown [s\src\hotspot\share\interpreter\linkResolver.cpp, line 773]

ZGC Phase Switch (0 events):
No events

VM Operations (2 events):
Event: 0.073 Executing VM operation: HandshakeAllThreads (Deoptimize)
Event: 0.073 Executing VM operation: HandshakeAllThreads (Deoptimize) done

Memory protections (0 events):
No events

Nmethod flushes (0 events):
No events

Events (11 events):
Event: 0.023 Thread 0x0000018d5dd2e2c0 Thread added: 0x0000018d5dd2e2c0
Event: 0.038 Thread 0x0000018d5dd2e2c0 Thread added: 0x0000018d7f8ae8c0
Event: 0.038 Thread 0x0000018d5dd2e2c0 Thread added: 0x0000018d7f8af510
Event: 0.038 Thread 0x0000018d5dd2e2c0 Thread added: 0x0000018d7f8b6a10
Event: 0.038 Thread 0x0000018d5dd2e2c0 Thread added: 0x0000018d7f8b9080
Event: 0.038 Thread 0x0000018d5dd2e2c0 Thread added: 0x0000018d7f8b96e0
Event: 0.039 Thread 0x0000018d5dd2e2c0 Thread added: 0x0000018d7f8b9d40
Event: 0.039 Thread 0x0000018d5dd2e2c0 Thread added: 0x0000018d7f8c2810
Event: 0.039 Thread 0x0000018d5dd2e2c0 Thread added: 0x0000018d7f8c83d0
Event: 0.058 Thread 0x0000018d5dd2e2c0 Thread added: 0x0000018d7fa6d410
Event: 0.060 Thread 0x0000018d5dd2e2c0 Thread added: 0x0000018d7fa88470


Dynamic libraries:
0x00007ff7f1960000 - 0x00007ff7f196e000 	C:\Program Files\OpenLogic\jdk-21.0.8.9-hotspot\bin\java.exe
0x00007ff92e980000 - 0x00007ff92ebe9000 	C:\WINDOWS\SYSTEM32\ntdll.dll
0x00007ff92e830000 - 0x00007ff92e8f9000 	C:\WINDOWS\System32\KERNEL32.DLL
0x00007ff92bd20000 - 0x00007ff92c113000 	C:\WINDOWS\System32\KERNELBASE.dll
0x00007ff92c280000 - 0x00007ff92c3cb000 	C:\WINDOWS\System32\ucrtbase.dll
0x00007ff91e490000 - 0x00007ff91e4a8000 	C:\Program Files\OpenLogic\jdk-21.0.8.9-hotspot\bin\jli.dll
0x00007ff92c750000 - 0x00007ff92c914000 	C:\WINDOWS\System32\USER32.dll
0x00007ff91e4b0000 - 0x00007ff91e4cb000 	C:\Program Files\OpenLogic\jdk-21.0.8.9-hotspot\bin\VCRUNTIME140.dll
0x00007ff92c3d0000 - 0x00007ff92c3f7000 	C:\WINDOWS\System32\win32u.dll
0x00007ff92e180000 - 0x00007ff92e1ab000 	C:\WINDOWS\System32\GDI32.dll
0x00007ff92c620000 - 0x00007ff92c74d000 	C:\WINDOWS\System32\gdi32full.dll
0x00007ff92c570000 - 0x00007ff92c613000 	C:\WINDOWS\System32\msvcp_win.dll
0x00007ff92acc0000 - 0x00007ff92af53000 	C:\WINDOWS\WinSxS\amd64_microsoft.windows.common-controls_6595b64144ccf1df_6.0.26100.5074_none_3e0d6f78e32fd63f\COMCTL32.dll
0x00007ff92e700000 - 0x00007ff92e7a9000 	C:\WINDOWS\System32\msvcrt.dll
0x00007ff92e6c0000 - 0x00007ff92e6ef000 	C:\WINDOWS\System32\IMM32.DLL
0x00007ff9251d0000 - 0x00007ff9251dc000 	C:\Program Files\OpenLogic\jdk-21.0.8.9-hotspot\bin\vcruntime140_1.dll
0x00007ff8ebaf0000 - 0x00007ff8ebb7d000 	C:\Program Files\OpenLogic\jdk-21.0.8.9-hotspot\bin\msvcp140.dll
0x00007ff882300000 - 0x00007ff8830a7000 	C:\Program Files\OpenLogic\jdk-21.0.8.9-hotspot\bin\server\jvm.dll
0x00007ff92d500000 - 0x00007ff92d5b4000 	C:\WINDOWS\System32\ADVAPI32.dll
0x00007ff92dc40000 - 0x00007ff92dce6000 	C:\WINDOWS\System32\sechost.dll
0x00007ff92d3e0000 - 0x00007ff92d4f8000 	C:\WINDOWS\System32\RPCRT4.dll
0x00007ff92e7b0000 - 0x00007ff92e824000 	C:\WINDOWS\System32\WS2_32.dll
0x00007ff92b390000 - 0x00007ff92b3ee000 	C:\WINDOWS\SYSTEM32\POWRPROF.dll
0x00007ff922c20000 - 0x00007ff922c55000 	C:\WINDOWS\SYSTEM32\WINMM.dll
0x00007ff922400000 - 0x00007ff92240b000 	C:\WINDOWS\SYSTEM32\VERSION.dll
0x00007ff92b060000 - 0x00007ff92b074000 	C:\WINDOWS\SYSTEM32\UMPDC.dll
0x00007ff929fb0000 - 0x00007ff929fcb000 	C:\WINDOWS\SYSTEM32\kernel.appcore.dll
0x00007ff91e480000 - 0x00007ff91e48a000 	C:\Program Files\OpenLogic\jdk-21.0.8.9-hotspot\bin\jimage.dll
0x00007ff92b420000 - 0x00007ff92b662000 	C:\WINDOWS\SYSTEM32\DBGHELP.DLL
0x00007ff92e1b0000 - 0x00007ff92e52b000 	C:\WINDOWS\System32\combase.dll
0x00007ff92da60000 - 0x00007ff92db37000 	C:\WINDOWS\System32\OLEAUT32.dll
0x00007ff92b280000 - 0x00007ff92b2bd000 	C:\WINDOWS\SYSTEM32\dbgcore.DLL
0x00007ff92c120000 - 0x00007ff92c1b9000 	C:\WINDOWS\System32\bcryptPrimitives.dll
0x00007ff910db0000 - 0x00007ff910dcf000 	C:\Program Files\OpenLogic\jdk-21.0.8.9-hotspot\bin\java.dll
0x00007ff92cba0000 - 0x00007ff92d2ed000 	C:\WINDOWS\System32\SHELL32.dll
0x00007ff92c400000 - 0x00007ff92c56c000 	C:\WINDOWS\System32\wintypes.dll
0x00007ff928cd0000 - 0x00007ff929529000 	C:\WINDOWS\SYSTEM32\windows.storage.dll
0x00007ff92db40000 - 0x00007ff92dc30000 	C:\WINDOWS\System32\SHCORE.dll
0x00007ff92d610000 - 0x00007ff92d672000 	C:\WINDOWS\System32\shlwapi.dll
0x00007ff92ba30000 - 0x00007ff92ba59000 	C:\WINDOWS\SYSTEM32\profapi.dll
0x00007ff8d0e30000 - 0x00007ff8d0f06000 	C:\Program Files\OpenLogic\jdk-21.0.8.9-hotspot\bin\jsvml.dll
0x00007ff908fe0000 - 0x00007ff908ff0000 	C:\Program Files\OpenLogic\jdk-21.0.8.9-hotspot\bin\net.dll
0x00007ff920a10000 - 0x00007ff920b2f000 	C:\WINDOWS\SYSTEM32\WINHTTP.dll
0x00007ff92a530000 - 0x00007ff92a59b000 	C:\WINDOWS\system32\mswsock.dll
0x00007ff9045f0000 - 0x00007ff904606000 	C:\Program Files\OpenLogic\jdk-21.0.8.9-hotspot\bin\nio.dll
0x00007ff901850000 - 0x00007ff901868000 	C:\Program Files\OpenLogic\jdk-21.0.8.9-hotspot\bin\zip.dll
0x00007ff91e610000 - 0x00007ff91e619000 	C:\Program Files\OpenLogic\jdk-21.0.8.9-hotspot\bin\attach.dll
0x00007ff92e5b0000 - 0x00007ff92e5b8000 	C:\WINDOWS\System32\PSAPI.DLL

JVMTI agents: none

dbghelp: loaded successfully - version: 4.0.5 - missing functions: none
symbol engine: initialized successfully - sym options: 0x614 - pdb path: .;C:\Program Files\OpenLogic\jdk-21.0.8.9-hotspot\bin;C:\WINDOWS\SYSTEM32;C:\WINDOWS\WinSxS\amd64_microsoft.windows.common-controls_6595b64144ccf1df_6.0.26100.5074_none_3e0d6f78e32fd63f;C:\Program Files\OpenLogic\jdk-21.0.8.9-hotspot\bin\server

VM Arguments:
jvm_args: -Dnet.bytebuddy.agent.attacher.dump= 
java_command: net.bytebuddy.agent.Attacher com.sun.tools.attach.VirtualMachine 384 C:\Users\ANGIE\.m2\repository\net\bytebuddy\byte-buddy-agent\1.17.7\byte-buddy-agent-1.17.7.jar false 
java_class_path (initial): C:\Users\ANGIE\.m2\repository\net\bytebuddy\byte-buddy-agent\1.17.7\byte-buddy-agent-1.17.7.jar
Launcher Type: SUN_STANDARD

[Global flags]
     intx CICompilerCount                          = 4                                         {product} {ergonomic}
     uint ConcGCThreads                            = 3                                         {product} {ergonomic}
     uint G1ConcRefinementThreads                  = 10                                        {product} {ergonomic}
   size_t G1HeapRegionSize                         = 2097152                                   {product} {ergonomic}
    uintx GCDrainStackTargetSize                   = 64                                        {product} {ergonomic}
   size_t InitialHeapSize                          = 197132288                                 {product} {ergonomic}
   size_t MarkStackSize                            = 4194304                                   {product} {ergonomic}
   size_t MaxHeapSize                              = 3145728000                                {product} {ergonomic}
   size_t MaxNewSize                               = 1887436800                                {product} {ergonomic}
   size_t MinHeapDeltaBytes                        = 2097152                                   {product} {ergonomic}
   size_t MinHeapSize                              = 8388608                                   {product} {ergonomic}
    uintx NonNMethodCodeHeapSize                   = 5839372                                {pd product} {ergonomic}
    uintx NonProfiledCodeHeapSize                  = 122909434                              {pd product} {ergonomic}
    uintx ProfiledCodeHeapSize                     = 122909434                              {pd product} {ergonomic}
    uintx ReservedCodeCacheSize                    = 251658240                              {pd product} {ergonomic}
     bool SegmentedCodeCache                       = true                                      {product} {ergonomic}
   size_t SoftMaxHeapSize                          = 3145728000                             {manageable} {ergonomic}
     bool UseCompressedOops                        = true                           {product lp64_product} {ergonomic}
     bool UseG1GC                                  = true                                      {product} {ergonomic}
     bool UseLargePagesIndividualAllocation        = false                                  {pd product} {ergonomic}

Logging:
Log output configuration:
 #0: stdout all=warning uptime,level,tags foldmultilines=false
 #1: stderr all=off uptime,level,tags foldmultilines=false

Environment Variables:
JAVA_HOME=C:\Program Files\OpenLogic\jdk-21.0.8.9-hotspot
PATH=C:\Program Files\OpenLogic\jdk-21.0.8.9-hotspot\bin;C:\Program Files (x86)\Common Files\Oracle\Java\javapath;C:\WINDOWS\system32;C:\WINDOWS;C:\WINDOWS\System32\Wbem;C:\WINDOWS\System32\WindowsPowerShell\v1.0\;C:\WINDOWS\System32\OpenSSH\;C:\Program Files\dotnet\;C:\Program Files (x86)\Windows Kits\10\Windows Performance Toolkit\;C:\Program Files\OpenLogic\jdk-21.0.8.9-hotspot\bin;C:\apache-maven-3.9.11\bin;C:\Program Files\Git\cmd;C:\Program Files\Docker\Docker\resources\bin;C:\Users\ANGIE\AppData\Local\Microsoft\WindowsApps;
USERNAME=ANGIE
OS=Windows_NT
PROCESSOR_IDENTIFIER=Intel64 Family 6 Model 151 Stepping 2, GenuineIntel
TMP=C:\Users\ANGIE\AppData\Local\Temp
TEMP=C:\Users\ANGIE\AppData\Local\Temp




Periodic native trim disabled

---------------  S Y S T E M  ---------------

OS:
 Windows 11 , 64 bit Build 26100 (10.0.26100.5074)
OS uptime: 4 days 3:22 hours
Hyper-V role detected

CPU: total 12 (initial active 12) (6 cores per cpu, 2 threads per core) family 6 model 151 stepping 2 microcode 0x3a, cx8, cmov, fxsr, ht, mmx, 3dnowpref, sse, sse2, sse3, ssse3, sse4.1, sse4.2, popcnt, lzcnt, tsc, tscinvbit, avx, avx2, aes, erms, clmul, bmi1, bmi2, adx, sha, fma, vzeroupper, clflush, clflushopt, clwb, hv, serialize, rdtscp, rdpid, fsrm, f16c, cet_ibt, cet_ss
Processor Information for processor 0
  Max Mhz: 2400, Current Mhz: 2400, Mhz Limit: 2400
Processor Information for processor 1
  Max Mhz: 2400, Current Mhz: 2400, Mhz Limit: 2400
Processor Information for processor 2
  Max Mhz: 2400, Current Mhz: 2400, Mhz Limit: 2400
Processor Information for processor 3
  Max Mhz: 2400, Current Mhz: 2400, Mhz Limit: 2400
Processor Information for processor 4
  Max Mhz: 2400, Current Mhz: 1520, Mhz Limit: 2400
Processor Information for processor 5
  Max Mhz: 2400, Current Mhz: 2400, Mhz Limit: 2400
Processor Information for processor 6
  Max Mhz: 2400, Current Mhz: 2400, Mhz Limit: 2400
Processor Information for processor 7
  Max Mhz: 2400, Current Mhz: 2400, Mhz Limit: 2400
Processor Information for processor 8
  Max Mhz: 2400, Current Mhz: 1466, Mhz Limit: 2400
Processor Information for processor 9
  Max Mhz: 2400, Current Mhz: 2400, Mhz Limit: 2400
Processor Information for processor 10
  Max Mhz: 2400, Current Mhz: 2400, Mhz Limit: 2400
Processor Information for processor 11
  Max Mhz: 2400, Current Mhz: 2400, Mhz Limit: 2400

Memory: 4k page, system-wide physical 11995M (996M free)
TotalPageFile size 28461M (AvailPageFile size 200M)
current process WorkingSet (physical memory assigned to process): 41M, peak: 41M
current process commit charge ("private bytes"): 276M, peak: 276M

vm_info: OpenJDK 64-Bit Server VM (21.0.8+9-adhoc.Administrator.jdk21u) for windows-amd64 JRE (21.0.8+9-adhoc.Administrator.jdk21u), built on 2025-07-17T09:27:23Z by "Administrator" with MS VC++ 16.10 / 16.11 (VS2019)

END.
