#
# There is insufficient memory for the Java Runtime Environment to continue.
# Native memory allocation (malloc) failed to allocate 1697360 bytes. Error detail: Chunk::new
# Possible reasons:
#   The system is out of physical RAM or swap space
#   This process is running with CompressedOops enabled, and the Java Heap may be blocking the growth of the native heap
# Possible solutions:
#   Reduce memory load on the system
#   Increase physical memory or swap space
#   Check if swap backing store is full
#   Decrease Java heap size (-Xmx/-Xms)
#   Decrease number of Java threads
#   Decrease Java thread stack sizes (-Xss)
#   Set larger code cache with -XX:ReservedCodeCacheSize=
#   JVM is running with Zero Based Compressed Oops mode in which the Java heap is
#     placed in the first 32GB address space. The Java Heap base address is the
#     maximum limit for the native heap growth. Please use -XX:HeapBaseMinAddress
#     to set the Java Heap base and to place the Java Heap above 32GB virtual address.
# This output file may be truncated or incomplete.
#
#  Out of Memory Error (arena.cpp:168), pid=384, tid=8968
#
# JRE version: OpenJDK Runtime Environment OpenLogic-OpenJDK (21.0.8+9) (build 21.0.8+9-adhoc.Administrator.jdk21u)
# Java VM: OpenJDK 64-Bit Server VM OpenLogic-OpenJDK (21.0.8+9-adhoc.Administrator.jdk21u, mixed mode, sharing, tiered, compressed oops, compressed class ptrs, g1 gc, windows-amd64)
# No core dump will be written. Minidumps are not enabled by default on client versions of Windows
#

---------------  S U M M A R Y ------------

Command Line: C:\Users\ANGIE\AppData\Local\Temp\surefire13563417244337088490\surefirebooter-20250919032821880_3.jar C:\Users\ANGIE\AppData\Local\Temp\surefire13563417244337088490 2025-09-19T03-28-21_657-jvmRun1 surefire-20250919032821880_1tmp surefire_0-20250919032821880_2tmp

Host: 12th Gen Intel(R) Core(TM) i5-12450HX, 12 cores, 11G,  Windows 11 , 64 bit Build 26100 (10.0.26100.5074)
Time: Fri Sep 19 03:28:30 2025 Hora est. Pacífico, Sudamérica elapsed time: 8.854377 seconds (0d 0h 0m 8s)

---------------  T H R E A D  ---------------

Current thread (0x0000026a6a88d7a0):  JavaThread "C2 CompilerThread2" daemon [_thread_in_native, id=8968, stack(0x000000fbb9100000,0x000000fbb9200000) (1024K)]


Current CompileTask:
C2:8854 6783       4       org.junit.platform.commons.util.AnnotationUtils::findMetaAnnotation (84 bytes)

Stack: [0x000000fbb9100000,0x000000fbb9200000]
Native frames: (J=compiled Java code, j=interpreted, Vv=VM code, C=native code)
V  [jvm.dll+0x6deaf9]
V  [jvm.dll+0x8bccc3]
V  [jvm.dll+0x8bf07e]
V  [jvm.dll+0x8bf763]
V  [jvm.dll+0x287836]
V  [jvm.dll+0xc6e0d]
V  [jvm.dll+0xc7343]
V  [jvm.dll+0x3c308b]
V  [jvm.dll+0x1e6572]
V  [jvm.dll+0x24fc64]
V  [jvm.dll+0x24f0e1]
V  [jvm.dll+0x1cd844]
V  [jvm.dll+0x25e7ca]
V  [jvm.dll+0x25cd7b]
V  [jvm.dll+0x3fd7a6]
V  [jvm.dll+0x865958]
V  [jvm.dll+0x6dd2bd]
C  [ucrtbase.dll+0x37b0]
C  [KERNEL32.DLL+0x2e8d7]
C  [ntdll.dll+0x8d9c]


---------------  P R O C E S S  ---------------

Threads class SMR info:
_java_thread_list=0x0000026a6969cd60, length=34, elements={
0x0000026a418a38a0, 0x0000026a6344fa70, 0x0000026a63452290, 0x0000026a63453240,
0x0000026a63455b50, 0x0000026a6345b600, 0x0000026a6345cc70, 0x0000026a63466620,
0x0000026a63478750, 0x0000026a635e53f0, 0x0000026a635e9c20, 0x0000026a683afa30,
0x0000026a6819acd0, 0x0000026a684e7360, 0x0000026a6b148cf0, 0x0000026a6a88ec10,
0x0000026a6a88d7a0, 0x0000026a6b1759b0, 0x0000026a6b176d60, 0x0000026a6b1773f0,
0x0000026a6b177a80, 0x0000026a6b175320, 0x0000026a6cae3060, 0x0000026a6cae64e0,
0x0000026a6cae6b70, 0x0000026a6cae5e50, 0x0000026a6cae36f0, 0x0000026a6cae5130,
0x0000026a6cae7200, 0x0000026a6cae3d80, 0x0000026a6cae7890, 0x0000026a6cae57c0,
0x0000026a6cae4410, 0x0000026a6cae7f20
}

Java Threads: ( => current thread )
  0x0000026a418a38a0 JavaThread "main"                              [_thread_in_native, id=6568, stack(0x000000fbb6f00000,0x000000fbb7000000) (1024K)]
  0x0000026a6344fa70 JavaThread "Reference Handler"          daemon [_thread_blocked, id=31048, stack(0x000000fbb7700000,0x000000fbb7800000) (1024K)]
  0x0000026a63452290 JavaThread "Finalizer"                  daemon [_thread_blocked, id=30348, stack(0x000000fbb7800000,0x000000fbb7900000) (1024K)]
  0x0000026a63453240 JavaThread "Signal Dispatcher"          daemon [_thread_blocked, id=31280, stack(0x000000fbb7900000,0x000000fbb7a00000) (1024K)]
  0x0000026a63455b50 JavaThread "Attach Listener"            daemon [_thread_blocked, id=19656, stack(0x000000fbb7a00000,0x000000fbb7b00000) (1024K)]
  0x0000026a6345b600 JavaThread "Service Thread"             daemon [_thread_blocked, id=4628, stack(0x000000fbb7b00000,0x000000fbb7c00000) (1024K)]
  0x0000026a6345cc70 JavaThread "Monitor Deflation Thread"   daemon [_thread_blocked, id=29848, stack(0x000000fbb7c00000,0x000000fbb7d00000) (1024K)]
  0x0000026a63466620 JavaThread "C2 CompilerThread0"         daemon [_thread_blocked, id=13676, stack(0x000000fbb7d00000,0x000000fbb7e00000) (1024K)]
  0x0000026a63478750 JavaThread "C1 CompilerThread0"         daemon [_thread_blocked, id=30592, stack(0x000000fbb7e00000,0x000000fbb7f00000) (1024K)]
  0x0000026a635e53f0 JavaThread "Notification Thread"        daemon [_thread_blocked, id=15416, stack(0x000000fbb7f00000,0x000000fbb8000000) (1024K)]
  0x0000026a635e9c20 JavaThread "Common-Cleaner"             daemon [_thread_blocked, id=21668, stack(0x000000fbb8000000,0x000000fbb8100000) (1024K)]
  0x0000026a683afa30 JavaThread "surefire-forkedjvm-stream-flusher" daemon [_thread_blocked, id=28688, stack(0x000000fbb8100000,0x000000fbb8200000) (1024K)]
  0x0000026a6819acd0 JavaThread "surefire-forkedjvm-command-thread" daemon [_thread_in_native, id=10924, stack(0x000000fbb8200000,0x000000fbb8300000) (1024K)]
  0x0000026a684e7360 JavaThread "HikariPool-1:housekeeper"   daemon [_thread_blocked, id=30060, stack(0x000000fbb8300000,0x000000fbb8400000) (1024K)]
  0x0000026a6b148cf0 JavaThread "HikariPool-1:connection-adder" daemon [_thread_blocked, id=10344, stack(0x000000fbb8d00000,0x000000fbb8e00000) (1024K)]
  0x0000026a6a88ec10 JavaThread "C2 CompilerThread1"         daemon [_thread_blocked, id=29032, stack(0x000000fbb9000000,0x000000fbb9100000) (1024K)]
=>0x0000026a6a88d7a0 JavaThread "C2 CompilerThread2"         daemon [_thread_in_native, id=8968, stack(0x000000fbb9100000,0x000000fbb9200000) (1024K)]
  0x0000026a6b1759b0 JavaThread "Catalina-utility-1"                [_thread_blocked, id=19128, stack(0x000000fbb9200000,0x000000fbb9300000) (1024K)]
  0x0000026a6b176d60 JavaThread "Catalina-utility-2"                [_thread_blocked, id=20052, stack(0x000000fbb9300000,0x000000fbb9400000) (1024K)]
  0x0000026a6b1773f0 JavaThread "container-0"                       [_thread_blocked, id=32200, stack(0x000000fbb9400000,0x000000fbb9500000) (1024K)]
  0x0000026a6b177a80 JavaThread "spring.cloud.inetutils"     daemon [_thread_blocked, id=32120, stack(0x000000fbb9500000,0x000000fbb9600000) (1024K)]
  0x0000026a6b175320 JavaThread "HttpClient-1-SelectorManager" daemon [_thread_in_native, id=24424, stack(0x000000fbb9600000,0x000000fbb9700000) (1024K)]
  0x0000026a6cae3060 JavaThread "http-nio-auto-1-exec-1"     daemon [_thread_blocked, id=16612, stack(0x000000fbb9700000,0x000000fbb9800000) (1024K)]
  0x0000026a6cae64e0 JavaThread "http-nio-auto-1-exec-2"     daemon [_thread_blocked, id=26408, stack(0x000000fbb9800000,0x000000fbb9900000) (1024K)]
  0x0000026a6cae6b70 JavaThread "http-nio-auto-1-exec-3"     daemon [_thread_blocked, id=6048, stack(0x000000fbb9900000,0x000000fbb9a00000) (1024K)]
  0x0000026a6cae5e50 JavaThread "http-nio-auto-1-exec-4"     daemon [_thread_blocked, id=29348, stack(0x000000fbb9a00000,0x000000fbb9b00000) (1024K)]
  0x0000026a6cae36f0 JavaThread "http-nio-auto-1-exec-5"     daemon [_thread_blocked, id=21136, stack(0x000000fbb9b00000,0x000000fbb9c00000) (1024K)]
  0x0000026a6cae5130 JavaThread "http-nio-auto-1-exec-6"     daemon [_thread_blocked, id=13320, stack(0x000000fbb9c00000,0x000000fbb9d00000) (1024K)]
  0x0000026a6cae7200 JavaThread "http-nio-auto-1-exec-7"     daemon [_thread_blocked, id=4356, stack(0x000000fbb9d00000,0x000000fbb9e00000) (1024K)]
  0x0000026a6cae3d80 JavaThread "http-nio-auto-1-exec-8"     daemon [_thread_blocked, id=25348, stack(0x000000fbb9e00000,0x000000fbb9f00000) (1024K)]
  0x0000026a6cae7890 JavaThread "http-nio-auto-1-exec-9"     daemon [_thread_blocked, id=9812, stack(0x000000fbb9f00000,0x000000fbba000000) (1024K)]
  0x0000026a6cae57c0 JavaThread "http-nio-auto-1-exec-10"    daemon [_thread_blocked, id=8344, stack(0x000000fbba000000,0x000000fbba100000) (1024K)]
  0x0000026a6cae4410 JavaThread "http-nio-auto-1-Poller"     daemon [_thread_in_native, id=2880, stack(0x000000fbba100000,0x000000fbba200000) (1024K)]
  0x0000026a6cae7f20 JavaThread "http-nio-auto-1-Acceptor"   daemon [_thread_in_native, id=16752, stack(0x000000fbba200000,0x000000fbba300000) (1024K)]
Total: 34

Other Threads:
  0x0000026a63434e40 VMThread "VM Thread"                           [id=7796, stack(0x000000fbb7600000,0x000000fbb7700000) (1024K)]
  0x0000026a63423310 WatcherThread "VM Periodic Task Thread"        [id=31116, stack(0x000000fbb7500000,0x000000fbb7600000) (1024K)]
  0x0000026a43d9c4b0 WorkerThread "GC Thread#0"                     [id=28300, stack(0x000000fbb7000000,0x000000fbb7100000) (1024K)]
  0x0000026a68b0c9d0 WorkerThread "GC Thread#1"                     [id=21880, stack(0x000000fbb8400000,0x000000fbb8500000) (1024K)]
  0x0000026a685781b0 WorkerThread "GC Thread#2"                     [id=15948, stack(0x000000fbb8500000,0x000000fbb8600000) (1024K)]
  0x0000026a68578550 WorkerThread "GC Thread#3"                     [id=29760, stack(0x000000fbb8600000,0x000000fbb8700000) (1024K)]
  0x0000026a68767bf0 WorkerThread "GC Thread#4"                     [id=592, stack(0x000000fbb8700000,0x000000fbb8800000) (1024K)]
  0x0000026a68666a80 WorkerThread "GC Thread#5"                     [id=27984, stack(0x000000fbb8800000,0x000000fbb8900000) (1024K)]
  0x0000026a68666e20 WorkerThread "GC Thread#6"                     [id=29864, stack(0x000000fbb8900000,0x000000fbb8a00000) (1024K)]
  0x0000026a686679d0 WorkerThread "GC Thread#7"                     [id=24456, stack(0x000000fbb8a00000,0x000000fbb8b00000) (1024K)]
  0x0000026a6900c950 WorkerThread "GC Thread#8"                     [id=31104, stack(0x000000fbb8b00000,0x000000fbb8c00000) (1024K)]
  0x0000026a6903da40 WorkerThread "GC Thread#9"                     [id=17636, stack(0x000000fbb8c00000,0x000000fbb8d00000) (1024K)]
  0x0000026a43da8e20 ConcurrentGCThread "G1 Main Marker"            [id=30984, stack(0x000000fbb7100000,0x000000fbb7200000) (1024K)]
  0x0000026a43dab1c0 WorkerThread "G1 Conc#0"                       [id=16072, stack(0x000000fbb7200000,0x000000fbb7300000) (1024K)]
  0x0000026a6903e520 WorkerThread "G1 Conc#1"                       [id=11724, stack(0x000000fbb8e00000,0x000000fbb8f00000) (1024K)]
  0x0000026a6903cf60 WorkerThread "G1 Conc#2"                       [id=25888, stack(0x000000fbb8f00000,0x000000fbb9000000) (1024K)]
  0x0000026a43e0e120 ConcurrentGCThread "G1 Refine#0"               [id=4436, stack(0x000000fbb7300000,0x000000fbb7400000) (1024K)]
  0x0000026a43e0e550 ConcurrentGCThread "G1 Service"                [id=11304, stack(0x000000fbb7400000,0x000000fbb7500000) (1024K)]
Total: 18

Threads with active compile tasks:
C2 CompilerThread2  8877 6783       4       org.junit.platform.commons.util.AnnotationUtils::findMetaAnnotation (84 bytes)
Total: 1

VM state: not at safepoint (normal execution)

VM Mutex/Monitor currently owned by a thread: None

Heap address: 0x0000000744800000, size: 3000 MB, Compressed Oops mode: Zero based, Oop shift amount: 3

CDS archive(s) mapped at: [0x0000026a00000000-0x0000026a00c90000-0x0000026a00c90000), size 13172736, SharedBaseAddress: 0x0000026a00000000, ArchiveRelocationMode: 1.
Compressed class space mapped at: 0x0000026a01000000-0x0000026a41000000, reserved size: 1073741824
Narrow klass base: 0x0000026a00000000, Narrow klass shift: 0, Narrow klass range: 0x100000000

GC Precious Log:
 CardTable entry size: 512
 Card Set container configuration: InlinePtr #cards 4 size 8 Array Of Cards #cards 16 size 48 Howl #buckets 8 coarsen threshold 3686 Howl Bitmap #cards 512 size 80 coarsen threshold 460 Card regions per heap region 1 cards per card region 4096
 CPUs: 12 total, 12 available
 Memory: 11995M
 Large Page Support: Disabled
 NUMA Support: Disabled
 Compressed Oops: Enabled (Zero based)
 Heap Region Size: 2M
 Heap Min Capacity: 8M
 Heap Initial Capacity: 188M
 Heap Max Capacity: 3000M
 Pre-touch: Disabled
 Parallel Workers: 10
 Concurrent Workers: 3
 Concurrent Refinement Workers: 10
 Periodic GC: Disabled

Heap:
 garbage-first heap   total 102400K, used 50215K [0x0000000744800000, 0x0000000800000000)
  region size 2048K, 9 young (18432K), 4 survivors (8192K)
 Metaspace       used 83271K, committed 84032K, reserved 1179648K
  class space    used 11452K, committed 11776K, reserved 1048576K

Heap Regions: E=young(eden), S=young(survivor), O=old, HS=humongous(starts), HC=humongous(continues), CS=collection set, F=free, TAMS=top-at-mark-start, PB=parsable bottom
|   0|0x0000000744800000, 0x0000000744a00000, 0x0000000744a00000|100%| O|  |TAMS 0x0000000744800000| PB 0x0000000744800000| Untracked 
|   1|0x0000000744a00000, 0x0000000744c00000, 0x0000000744c00000|100%| O|  |TAMS 0x0000000744a00000| PB 0x0000000744a00000| Untracked 
|   2|0x0000000744c00000, 0x0000000744e00000, 0x0000000744e00000|100%| O|  |TAMS 0x0000000744c00000| PB 0x0000000744c00000| Untracked 
|   3|0x0000000744e00000, 0x0000000745000000, 0x0000000745000000|100%| O|  |TAMS 0x0000000744e00000| PB 0x0000000744e00000| Untracked 
|   4|0x0000000745000000, 0x0000000745200000, 0x0000000745200000|100%| O|  |TAMS 0x0000000745000000| PB 0x0000000745000000| Untracked 
|   5|0x0000000745200000, 0x0000000745400000, 0x0000000745400000|100%| O|  |TAMS 0x0000000745200000| PB 0x0000000745200000| Untracked 
|   6|0x0000000745400000, 0x0000000745600000, 0x0000000745600000|100%| O|  |TAMS 0x0000000745400000| PB 0x0000000745400000| Untracked 
|   7|0x0000000745600000, 0x0000000745600000, 0x0000000745800000|  0%| F|  |TAMS 0x0000000745600000| PB 0x0000000745600000| Untracked 
|   8|0x0000000745800000, 0x0000000745a00000, 0x0000000745a00000|100%| O|  |TAMS 0x0000000745800000| PB 0x0000000745800000| Untracked 
|   9|0x0000000745a00000, 0x0000000745c00000, 0x0000000745c00000|100%| O|  |TAMS 0x0000000745a00000| PB 0x0000000745a00000| Untracked 
|  10|0x0000000745c00000, 0x0000000745e00000, 0x0000000745e00000|100%| O|  |TAMS 0x0000000745c00000| PB 0x0000000745c00000| Untracked 
|  11|0x0000000745e00000, 0x0000000746000000, 0x0000000746000000|100%| O|  |TAMS 0x0000000745e00000| PB 0x0000000745e00000| Untracked 
|  12|0x0000000746000000, 0x0000000746200000, 0x0000000746200000|100%| O|  |TAMS 0x0000000746000000| PB 0x0000000746000000| Untracked 
|  13|0x0000000746200000, 0x0000000746400000, 0x0000000746400000|100%| O|  |TAMS 0x0000000746200000| PB 0x0000000746200000| Untracked 
|  14|0x0000000746400000, 0x0000000746509ca0, 0x0000000746600000| 51%| O|  |TAMS 0x0000000746400000| PB 0x0000000746400000| Untracked 
|  15|0x0000000746600000, 0x0000000746600000, 0x0000000746800000|  0%| F|  |TAMS 0x0000000746600000| PB 0x0000000746600000| Untracked 
|  16|0x0000000746800000, 0x0000000746800000, 0x0000000746a00000|  0%| F|  |TAMS 0x0000000746800000| PB 0x0000000746800000| Untracked 
|  17|0x0000000746a00000, 0x0000000746a00000, 0x0000000746c00000|  0%| F|  |TAMS 0x0000000746a00000| PB 0x0000000746a00000| Untracked 
|  18|0x0000000746c00000, 0x0000000746c00000, 0x0000000746e00000|  0%| F|  |TAMS 0x0000000746c00000| PB 0x0000000746c00000| Untracked 
|  19|0x0000000746e00000, 0x0000000747000000, 0x0000000747000000|100%| S|CS|TAMS 0x0000000746e00000| PB 0x0000000746e00000| Complete 
|  20|0x0000000747000000, 0x0000000747200000, 0x0000000747200000|100%| S|CS|TAMS 0x0000000747000000| PB 0x0000000747000000| Complete 
|  21|0x0000000747200000, 0x0000000747400000, 0x0000000747400000|100%| S|CS|TAMS 0x0000000747200000| PB 0x0000000747200000| Complete 
|  22|0x0000000747400000, 0x0000000747600000, 0x0000000747600000|100%| S|CS|TAMS 0x0000000747400000| PB 0x0000000747400000| Complete 
|  23|0x0000000747600000, 0x0000000747600000, 0x0000000747800000|  0%| F|  |TAMS 0x0000000747600000| PB 0x0000000747600000| Untracked 
|  24|0x0000000747800000, 0x0000000747800000, 0x0000000747a00000|  0%| F|  |TAMS 0x0000000747800000| PB 0x0000000747800000| Untracked 
|  25|0x0000000747a00000, 0x0000000747a00000, 0x0000000747c00000|  0%| F|  |TAMS 0x0000000747a00000| PB 0x0000000747a00000| Untracked 
|  26|0x0000000747c00000, 0x0000000747c00000, 0x0000000747e00000|  0%| F|  |TAMS 0x0000000747c00000| PB 0x0000000747c00000| Untracked 
|  27|0x0000000747e00000, 0x0000000747e00000, 0x0000000748000000|  0%| F|  |TAMS 0x0000000747e00000| PB 0x0000000747e00000| Untracked 
|  28|0x0000000748000000, 0x0000000748000000, 0x0000000748200000|  0%| F|  |TAMS 0x0000000748000000| PB 0x0000000748000000| Untracked 
|  29|0x0000000748200000, 0x0000000748200000, 0x0000000748400000|  0%| F|  |TAMS 0x0000000748200000| PB 0x0000000748200000| Untracked 
|  30|0x0000000748400000, 0x0000000748400000, 0x0000000748600000|  0%| F|  |TAMS 0x0000000748400000| PB 0x0000000748400000| Untracked 
|  31|0x0000000748600000, 0x0000000748600000, 0x0000000748800000|  0%| F|  |TAMS 0x0000000748600000| PB 0x0000000748600000| Untracked 
|  32|0x0000000748800000, 0x0000000748800000, 0x0000000748a00000|  0%| F|  |TAMS 0x0000000748800000| PB 0x0000000748800000| Untracked 
|  33|0x0000000748a00000, 0x0000000748a00000, 0x0000000748c00000|  0%| F|  |TAMS 0x0000000748a00000| PB 0x0000000748a00000| Untracked 
|  34|0x0000000748c00000, 0x0000000748c00000, 0x0000000748e00000|  0%| F|  |TAMS 0x0000000748c00000| PB 0x0000000748c00000| Untracked 
|  35|0x0000000748e00000, 0x0000000748e00000, 0x0000000749000000|  0%| F|  |TAMS 0x0000000748e00000| PB 0x0000000748e00000| Untracked 
|  36|0x0000000749000000, 0x0000000749000000, 0x0000000749200000|  0%| F|  |TAMS 0x0000000749000000| PB 0x0000000749000000| Untracked 
|  37|0x0000000749200000, 0x0000000749200000, 0x0000000749400000|  0%| F|  |TAMS 0x0000000749200000| PB 0x0000000749200000| Untracked 
|  38|0x0000000749400000, 0x0000000749400000, 0x0000000749600000|  0%| F|  |TAMS 0x0000000749400000| PB 0x0000000749400000| Untracked 
|  39|0x0000000749600000, 0x0000000749600000, 0x0000000749800000|  0%| F|  |TAMS 0x0000000749600000| PB 0x0000000749600000| Untracked 
|  82|0x000000074ec00000, 0x000000074ec00000, 0x000000074ee00000|  0%| F|  |TAMS 0x000000074ec00000| PB 0x000000074ec00000| Untracked 
|  83|0x000000074ee00000, 0x000000074ee00000, 0x000000074f000000|  0%| F|  |TAMS 0x000000074ee00000| PB 0x000000074ee00000| Untracked 
|  84|0x000000074f000000, 0x000000074f100370, 0x000000074f200000| 50%| E|  |TAMS 0x000000074f000000| PB 0x000000074f000000| Complete 
|  85|0x000000074f200000, 0x000000074f400000, 0x000000074f400000|100%| E|CS|TAMS 0x000000074f200000| PB 0x000000074f200000| Complete 
|  92|0x0000000750000000, 0x0000000750200000, 0x0000000750200000|100%| E|CS|TAMS 0x0000000750000000| PB 0x0000000750000000| Complete 
|  93|0x0000000750200000, 0x0000000750400000, 0x0000000750400000|100%| E|CS|TAMS 0x0000000750200000| PB 0x0000000750200000| Complete 
|1496|0x00000007ff800000, 0x00000007ffa00000, 0x00000007ffa00000|100%| E|CS|TAMS 0x00000007ff800000| PB 0x00000007ff800000| Complete 
|1497|0x00000007ffa00000, 0x00000007ffc00000, 0x00000007ffc00000|100%| O|  |TAMS 0x00000007ffa00000| PB 0x00000007ffa00000| Untracked 
|1498|0x00000007ffc00000, 0x00000007ffe00000, 0x00000007ffe00000|100%| O|  |TAMS 0x00000007ffc00000| PB 0x00000007ffc00000| Untracked 
|1499|0x00000007ffe00000, 0x0000000800000000, 0x0000000800000000|100%| O|  |TAMS 0x00000007ffe00000| PB 0x00000007ffe00000| Untracked 

Card table byte_map: [0x0000026a5d360000,0x0000026a5d940000] _byte_map_base: 0x0000026a5993c000

Marking Bits: (CMBitMap*) 0x0000026a43d9c9c0
 Bits: [0x0000026a5d940000, 0x0000026a60820000)

Polling page: 0x0000026a41b10000

Metaspace:

Usage:
  Non-class:     70.14 MB used.
      Class:     11.18 MB used.
       Both:     81.32 MB used.

Virtual space:
  Non-class space:      128.00 MB reserved,      70.56 MB ( 55%) committed,  2 nodes.
      Class space:        1.00 GB reserved,      11.50 MB (  1%) committed,  1 nodes.
             Both:        1.12 GB reserved,      82.06 MB (  7%) committed. 

Chunk freelists:
   Non-Class:  8.60 MB
       Class:  4.50 MB
        Both:  13.10 MB

MaxMetaspaceSize: unlimited
CompressedClassSpaceSize: 1.00 GB
Initial GC threshold: 21.00 MB
Current GC threshold: 98.44 MB
CDS: on
 - commit_granule_bytes: 65536.
 - commit_granule_words: 8192.
 - virtual_space_node_default_size: 8388608.
 - enlarge_chunks_in_place: 1.
 - use_allocation_guard: 0.


Internal statistics:

num_allocs_failed_limit: 11.
num_arena_births: 1092.
num_arena_deaths: 0.
num_vsnodes_births: 3.
num_vsnodes_deaths: 0.
num_space_committed: 1313.
num_space_uncommitted: 0.
num_chunks_returned_to_freelist: 11.
num_chunks_taken_from_freelist: 4116.
num_chunk_merges: 8.
num_chunk_splits: 2945.
num_chunks_enlarged: 2311.
num_inconsistent_stats: 0.

CodeHeap 'non-profiled nmethods': size=120000Kb used=4812Kb max_used=4812Kb free=115187Kb
 bounds [0x0000026a55300000, 0x0000026a557c0000, 0x0000026a5c830000]
CodeHeap 'profiled nmethods': size=120000Kb used=12011Kb max_used=12011Kb free=107988Kb
 bounds [0x0000026a4d830000, 0x0000026a4e3f0000, 0x0000026a54d60000]
CodeHeap 'non-nmethods': size=5760Kb used=1702Kb max_used=1744Kb free=4057Kb
 bounds [0x0000026a54d60000, 0x0000026a54fd0000, 0x0000026a55300000]
CodeCache: size=245760Kb, used=18525Kb, max_used=18567Kb, free=227232Kb
 total_blobs=6716, nmethods=5984, adapters=636, full_count=0
Compilation: enabled, stopped_count=0, restarted_count=0

Compilation events (20 events):
Event: 8.711 Thread 0x0000026a63478750 6787       3       java.util.AbstractMap::hashCode (45 bytes)
Event: 8.712 Thread 0x0000026a63478750 nmethod 6787 0x0000026a4e3e8b90 code [0x0000026a4e3e8da0, 0x0000026a4e3e9450]
Event: 8.717 Thread 0x0000026a63478750 6788       3       sun.net.util.IPAddressUtil::checkHostString (64 bytes)
Event: 8.717 Thread 0x0000026a63478750 nmethod 6788 0x0000026a4e3e9610 code [0x0000026a4e3e97e0, 0x0000026a4e3e99e8]
Event: 8.721 Thread 0x0000026a6a88ec10 6789       4       sun.net.util.URLUtil::urlNoFragString (143 bytes)
Event: 8.728 Thread 0x0000026a63466620 6790   !   4       java.net.URL::set (114 bytes)
Event: 8.733 Thread 0x0000026a63478750 6792       1       org.apache.maven.surefire.api.util.internal.AbstractNoninterruptibleWritableChannel::isOpen (5 bytes)
Event: 8.733 Thread 0x0000026a63478750 nmethod 6792 0x0000026a557ad510 code [0x0000026a557ad6a0, 0x0000026a557ad770]
Event: 8.736 Thread 0x0000026a63466620 nmethod 6790 0x0000026a557ad810 code [0x0000026a557ad9c0, 0x0000026a557ae378]
Event: 8.736 Thread 0x0000026a63466620 6791       4       java.lang.invoke.LambdaForm$BasicType::basicType (8 bytes)
Event: 8.740 Thread 0x0000026a63466620 nmethod 6791 0x0000026a557ae490 code [0x0000026a557ae660, 0x0000026a557aeac8]
Event: 8.741 Thread 0x0000026a6a88ec10 nmethod 6789 0x0000026a557aec90 code [0x0000026a557aef60, 0x0000026a557b0448]
Event: 8.743 Thread 0x0000026a6a88ec10 6793       4       jdk.internal.org.objectweb.asm.Frame::getAbstractTypeFromDescriptor (415 bytes)
Event: 8.746 Thread 0x0000026a63478750 6794       3       java.util.zip.ZipInputStream::read (288 bytes)
Event: 8.747 Thread 0x0000026a63478750 nmethod 6794 0x0000026a4e3e9a90 code [0x0000026a4e3e9e60, 0x0000026a4e3eb530]
Event: 8.747 Thread 0x0000026a63478750 6795       3       java.net.URI::isOpaque (13 bytes)
Event: 8.747 Thread 0x0000026a63478750 nmethod 6795 0x0000026a4e3ebd10 code [0x0000026a4e3ebea0, 0x0000026a4e3ec008]
Event: 8.756 Thread 0x0000026a6a88ec10 nmethod 6793 0x0000026a557b1310 code [0x0000026a557b15c0, 0x0000026a557b2850]
Event: 8.850 Thread 0x0000026a63478750 6797       3       java.util.concurrent.ThreadPoolExecutor::workerCountOf (5 bytes)
Event: 8.851 Thread 0x0000026a63478750 nmethod 6797 0x0000026a4dd29990 code [0x0000026a4dd29b20, 0x0000026a4dd29c18]

GC Heap History (20 events):
Event: 2.137 GC heap before
{Heap before GC invocations=2 (full 0):
 garbage-first heap   total 192512K, used 62284K [0x0000000744800000, 0x0000000800000000)
  region size 2048K, 27 young (55296K), 1 survivors (2048K)
 Metaspace       used 17293K, committed 17664K, reserved 1114112K
  class space    used 2206K, committed 2368K, reserved 1048576K
}
Event: 2.144 GC heap after
{Heap after GC invocations=3 (full 0):
 garbage-first heap   total 192512K, used 17920K [0x0000000744800000, 0x0000000800000000)
  region size 2048K, 4 young (8192K), 4 survivors (8192K)
 Metaspace       used 17293K, committed 17664K, reserved 1114112K
  class space    used 2206K, committed 2368K, reserved 1048576K
}
Event: 2.377 GC heap before
{Heap before GC invocations=3 (full 0):
 garbage-first heap   total 192512K, used 32256K [0x0000000744800000, 0x0000000800000000)
  region size 2048K, 12 young (24576K), 4 survivors (8192K)
 Metaspace       used 21199K, committed 21504K, reserved 1114112K
  class space    used 2825K, committed 2944K, reserved 1048576K
}
Event: 2.382 GC heap after
{Heap after GC invocations=4 (full 0):
 garbage-first heap   total 192512K, used 18818K [0x0000000744800000, 0x0000000800000000)
  region size 2048K, 4 young (8192K), 4 survivors (8192K)
 Metaspace       used 21199K, committed 21504K, reserved 1114112K
  class space    used 2825K, committed 2944K, reserved 1048576K
}
Event: 2.961 GC heap before
{Heap before GC invocations=5 (full 0):
 garbage-first heap   total 69632K, used 67970K [0x0000000744800000, 0x0000000800000000)
  region size 2048K, 28 young (57344K), 4 survivors (8192K)
 Metaspace       used 29766K, committed 30208K, reserved 1114112K
  class space    used 3913K, committed 4096K, reserved 1048576K
}
Event: 2.969 GC heap after
{Heap after GC invocations=6 (full 0):
 garbage-first heap   total 83968K, used 23738K [0x0000000744800000, 0x0000000800000000)
  region size 2048K, 3 young (6144K), 3 survivors (6144K)
 Metaspace       used 29766K, committed 30208K, reserved 1114112K
  class space    used 3913K, committed 4096K, reserved 1048576K
}
Event: 3.783 GC heap before
{Heap before GC invocations=6 (full 0):
 garbage-first heap   total 83968K, used 60602K [0x0000000744800000, 0x0000000800000000)
  region size 2048K, 21 young (43008K), 3 survivors (6144K)
 Metaspace       used 33993K, committed 34496K, reserved 1114112K
  class space    used 4503K, committed 4736K, reserved 1048576K
}
Event: 3.791 GC heap after
{Heap after GC invocations=7 (full 0):
 garbage-first heap   total 83968K, used 25602K [0x0000000744800000, 0x0000000800000000)
  region size 2048K, 2 young (4096K), 2 survivors (4096K)
 Metaspace       used 33993K, committed 34496K, reserved 1114112K
  class space    used 4503K, committed 4736K, reserved 1048576K
}
Event: 4.023 GC heap before
{Heap before GC invocations=7 (full 0):
 garbage-first heap   total 83968K, used 35842K [0x0000000744800000, 0x0000000800000000)
  region size 2048K, 8 young (16384K), 2 survivors (4096K)
 Metaspace       used 35669K, committed 36096K, reserved 1114112K
  class space    used 4718K, committed 4928K, reserved 1048576K
}
Event: 4.029 GC heap after
{Heap after GC invocations=8 (full 0):
 garbage-first heap   total 83968K, used 26220K [0x0000000744800000, 0x0000000800000000)
  region size 2048K, 2 young (4096K), 2 survivors (4096K)
 Metaspace       used 35669K, committed 36096K, reserved 1114112K
  class space    used 4718K, committed 4928K, reserved 1048576K
}
Event: 5.013 GC heap before
{Heap before GC invocations=9 (full 0):
 garbage-first heap   total 83968K, used 65132K [0x0000000744800000, 0x0000000800000000)
  region size 2048K, 22 young (45056K), 2 survivors (4096K)
 Metaspace       used 43199K, committed 43776K, reserved 1114112K
  class space    used 5728K, committed 5952K, reserved 1048576K
}
Event: 5.025 GC heap after
{Heap after GC invocations=10 (full 0):
 garbage-first heap   total 102400K, used 29760K [0x0000000744800000, 0x0000000800000000)
  region size 2048K, 3 young (6144K), 3 survivors (6144K)
 Metaspace       used 43199K, committed 43776K, reserved 1114112K
  class space    used 5728K, committed 5952K, reserved 1048576K
}
Event: 6.041 GC heap before
{Heap before GC invocations=10 (full 0):
 garbage-first heap   total 102400K, used 80960K [0x0000000744800000, 0x0000000800000000)
  region size 2048K, 28 young (57344K), 3 survivors (6144K)
 Metaspace       used 56909K, committed 57472K, reserved 1114112K
  class space    used 7644K, committed 7872K, reserved 1048576K
}
Event: 6.053 GC heap after
{Heap after GC invocations=11 (full 0):
 garbage-first heap   total 102400K, used 32946K [0x0000000744800000, 0x0000000800000000)
  region size 2048K, 4 young (8192K), 4 survivors (8192K)
 Metaspace       used 56909K, committed 57472K, reserved 1114112K
  class space    used 7644K, committed 7872K, reserved 1048576K
}
Event: 6.289 GC heap before
{Heap before GC invocations=11 (full 0):
 garbage-first heap   total 102400K, used 45234K [0x0000000744800000, 0x0000000800000000)
  region size 2048K, 11 young (22528K), 4 survivors (8192K)
 Metaspace       used 59666K, committed 60288K, reserved 1114112K
  class space    used 7991K, committed 8320K, reserved 1048576K
}
Event: 6.297 GC heap after
{Heap after GC invocations=12 (full 0):
 garbage-first heap   total 102400K, used 33485K [0x0000000744800000, 0x0000000800000000)
  region size 2048K, 2 young (4096K), 2 survivors (4096K)
 Metaspace       used 59666K, committed 60288K, reserved 1114112K
  class space    used 7991K, committed 8320K, reserved 1048576K
}
Event: 7.366 GC heap before
{Heap before GC invocations=13 (full 0):
 garbage-first heap   total 102400K, used 86733K [0x0000000744800000, 0x0000000800000000)
  region size 2048K, 28 young (57344K), 2 survivors (4096K)
 Metaspace       used 73508K, committed 74240K, reserved 1114112K
  class space    used 10100K, committed 10432K, reserved 1048576K
}
Event: 7.375 GC heap after
{Heap after GC invocations=14 (full 0):
 garbage-first heap   total 102400K, used 36345K [0x0000000744800000, 0x0000000800000000)
  region size 2048K, 4 young (8192K), 4 survivors (8192K)
 Metaspace       used 73508K, committed 74240K, reserved 1114112K
  class space    used 10100K, committed 10432K, reserved 1048576K
}
Event: 8.538 GC heap before
{Heap before GC invocations=14 (full 0):
 garbage-first heap   total 102400K, used 83449K [0x0000000744800000, 0x0000000800000000)
  region size 2048K, 28 young (57344K), 4 survivors (8192K)
 Metaspace       used 81064K, committed 81792K, reserved 1179648K
  class space    used 11168K, committed 11520K, reserved 1048576K
}
Event: 8.547 GC heap after
{Heap after GC invocations=15 (full 0):
 garbage-first heap   total 102400K, used 42023K [0x0000000744800000, 0x0000000800000000)
  region size 2048K, 4 young (8192K), 4 survivors (8192K)
 Metaspace       used 81064K, committed 81792K, reserved 1179648K
  class space    used 11168K, committed 11520K, reserved 1048576K
}

Dll operation events (11 events):
Event: 0.009 Loaded shared library C:\Program Files\OpenLogic\jdk-21.0.8.9-hotspot\bin\java.dll
Event: 0.041 Loaded shared library C:\Program Files\OpenLogic\jdk-21.0.8.9-hotspot\bin\jsvml.dll
Event: 0.059 Loaded shared library C:\Program Files\OpenLogic\jdk-21.0.8.9-hotspot\bin\net.dll
Event: 0.061 Loaded shared library C:\Program Files\OpenLogic\jdk-21.0.8.9-hotspot\bin\nio.dll
Event: 0.065 Loaded shared library C:\Program Files\OpenLogic\jdk-21.0.8.9-hotspot\bin\zip.dll
Event: 0.114 Loaded shared library C:\Program Files\OpenLogic\jdk-21.0.8.9-hotspot\bin\management.dll
Event: 0.121 Loaded shared library C:\Program Files\OpenLogic\jdk-21.0.8.9-hotspot\bin\management_ext.dll
Event: 0.150 Loaded shared library C:\Program Files\OpenLogic\jdk-21.0.8.9-hotspot\bin\jimage.dll
Event: 2.975 Loaded shared library C:\Program Files\OpenLogic\jdk-21.0.8.9-hotspot\bin\sunmscapi.dll
Event: 5.442 Loaded shared library C:\Program Files\OpenLogic\jdk-21.0.8.9-hotspot\bin\verify.dll
Event: 8.624 Loaded shared library C:\Program Files\OpenLogic\jdk-21.0.8.9-hotspot\bin\extnet.dll

Deoptimization events (20 events):
Event: 8.709 Thread 0x0000026a418a38a0 Uncommon trap: trap_request=0xffffff66 fr.pc=0x0000026a55753dd8 relative=0x0000000000001fb8
Event: 8.709 Thread 0x0000026a418a38a0 Uncommon trap: reason=speculate_class_check action=maybe_recompile pc=0x0000026a55753dd8 method=org.springframework.transaction.interceptor.AbstractFallbackTransactionAttributeSource.getTransactionAttribute(Ljava/lang/reflect/Method;Ljava/lang/Class;Z)Lor
Event: 8.709 Thread 0x0000026a418a38a0 DEOPT PACKING pc=0x0000026a55753dd8 sp=0x000000fbb6ffd170
Event: 8.709 Thread 0x0000026a418a38a0 DEOPT UNPACKING pc=0x0000026a54db46a2 sp=0x000000fbb6ffd168 mode 2
Event: 8.710 Thread 0x0000026a418a38a0 Uncommon trap: trap_request=0xffffffde fr.pc=0x0000026a555fd9d4 relative=0x00000000000009b4
Event: 8.710 Thread 0x0000026a418a38a0 Uncommon trap: reason=class_check action=maybe_recompile pc=0x0000026a555fd9d4 method=org.springframework.core.annotation.AnnotationsScanner.isWithoutHierarchy(Ljava/lang/reflect/AnnotatedElement;Ljava/util/function/Predicate;)Z @ 45 c2
Event: 8.710 Thread 0x0000026a418a38a0 DEOPT PACKING pc=0x0000026a555fd9d4 sp=0x000000fbb6ffcf60
Event: 8.710 Thread 0x0000026a418a38a0 DEOPT UNPACKING pc=0x0000026a54db46a2 sp=0x000000fbb6ffce18 mode 2
Event: 8.710 Thread 0x0000026a418a38a0 Uncommon trap: trap_request=0xffffffde fr.pc=0x0000026a555fac10 relative=0x0000000000000d50
Event: 8.710 Thread 0x0000026a418a38a0 Uncommon trap: reason=class_check action=maybe_recompile pc=0x0000026a555fac10 method=org.springframework.core.annotation.AnnotationsScanner.processClassHierarchy(Ljava/lang/Object;[ILjava/lang/Class;Lorg/springframework/core/annotation/AnnotationsProcess
Event: 8.710 Thread 0x0000026a418a38a0 DEOPT PACKING pc=0x0000026a555fac10 sp=0x000000fbb6ffcef0
Event: 8.710 Thread 0x0000026a418a38a0 DEOPT UNPACKING pc=0x0000026a54db46a2 sp=0x000000fbb6ffcec0 mode 2
Event: 8.746 Thread 0x0000026a418a38a0 Uncommon trap: trap_request=0xffffffde fr.pc=0x0000026a5554e32c relative=0x0000000000001b0c
Event: 8.746 Thread 0x0000026a418a38a0 Uncommon trap: reason=class_check action=maybe_recompile pc=0x0000026a5554e32c method=java.util.zip.InflaterInputStream.read([BII)I @ 78 c2
Event: 8.746 Thread 0x0000026a418a38a0 DEOPT PACKING pc=0x0000026a5554e32c sp=0x000000fbb6ff9970
Event: 8.746 Thread 0x0000026a418a38a0 DEOPT UNPACKING pc=0x0000026a54db46a2 sp=0x000000fbb6ff99c0 mode 2
Event: 8.746 Thread 0x0000026a418a38a0 Uncommon trap: trap_request=0xffffffde fr.pc=0x0000026a5554e32c relative=0x0000000000001b0c
Event: 8.746 Thread 0x0000026a418a38a0 Uncommon trap: reason=class_check action=maybe_recompile pc=0x0000026a5554e32c method=java.util.zip.InflaterInputStream.read([BII)I @ 78 c2
Event: 8.746 Thread 0x0000026a418a38a0 DEOPT PACKING pc=0x0000026a5554e32c sp=0x000000fbb6ff9970
Event: 8.746 Thread 0x0000026a418a38a0 DEOPT UNPACKING pc=0x0000026a54db46a2 sp=0x000000fbb6ff99c0 mode 2

Classes loaded (20 events):
Event: 8.732 Loading class java/lang/management/CompilationMXBean
Event: 8.732 Loading class java/lang/management/CompilationMXBean done
Event: 8.732 Loading class java/lang/management/OperatingSystemMXBean
Event: 8.732 Loading class java/lang/management/OperatingSystemMXBean done
Event: 8.732 Loading class java/lang/management/ThreadMXBean
Event: 8.732 Loading class java/lang/management/ThreadMXBean done
Event: 8.738 Loading class java/lang/ProcessHandle$Info
Event: 8.738 Loading class java/lang/ProcessHandle$Info done
Event: 8.745 Loading class java/util/jar/JarInputStream
Event: 8.745 Loading class java/util/jar/JarInputStream done
Event: 8.748 Loading class java/lang/ProcessBuilder
Event: 8.748 Loading class java/lang/ProcessBuilder done
Event: 8.748 Loading class java/lang/ProcessImpl
Event: 8.748 Loading class java/lang/ProcessImpl done
Event: 8.754 Loading class java/lang/ProcessImpl$2
Event: 8.754 Loading class java/lang/ProcessImpl$2 done
Event: 8.754 Loading class java/lang/Process$PipeInputStream
Event: 8.754 Loading class java/lang/Process$PipeInputStream done
Event: 8.754 Loading class jdk/internal/event/ProcessStartEvent
Event: 8.754 Loading class jdk/internal/event/ProcessStartEvent done

Classes unloaded (0 events):
No events

Classes redefined (0 events):
No events

Internal exceptions (20 events):
Event: 7.079 Thread 0x0000026a418a38a0 Exception <a 'java/lang/IncompatibleClassChangeError'{0x000000074787cfb0}: Found class java.lang.Object, but interface was expected> (0x000000074787cfb0) 
thrown [s\src\hotspot\share\interpreter\linkResolver.cpp, line 840]
Event: 7.124 Thread 0x0000026a418a38a0 Exception <a 'java/lang/IncompatibleClassChangeError'{0x00000007476229f8}: Found class java.lang.Object, but interface was expected> (0x00000007476229f8) 
thrown [s\src\hotspot\share\interpreter\linkResolver.cpp, line 840]
Event: 7.204 Thread 0x0000026a418a38a0 Exception <a 'java/lang/IncompatibleClassChangeError'{0x00000007475f22d0}: Found class java.lang.Object, but interface was expected> (0x00000007475f22d0) 
thrown [s\src\hotspot\share\interpreter\linkResolver.cpp, line 840]
Event: 7.345 Thread 0x0000026a418a38a0 Exception <a 'java/lang/IncompatibleClassChangeError'{0x0000000746f12bc0}: Found class java.lang.Object, but interface was expected> (0x0000000746f12bc0) 
thrown [s\src\hotspot\share\interpreter\linkResolver.cpp, line 840]
Event: 7.459 Thread 0x0000026a418a38a0 Exception <a 'java/lang/NoSuchMethodError'{0x00000007503ddc48}: 'long java.lang.invoke.DirectMethodHandle$Holder.invokeVirtual(java.lang.Object, java.lang.Object)'> (0x00000007503ddc48) 
thrown [s\src\hotspot\share\interpreter\linkResolver.cpp, line 773]
Event: 7.489 Thread 0x0000026a418a38a0 Exception <a 'java/lang/NoSuchMethodError'{0x00000007501b14e8}: 'java.lang.Object java.lang.invoke.DirectMethodHandle$Holder.newInvokeSpecial(java.lang.Object, java.lang.Object, java.lang.Object, java.lang.Object, java.lang.Object, java.lang.Object, java.lang.Object, java.lang.Object)'> (0x00000007501b14e8) 
thrown [s\src\hotspot\share\interpreter\linkResolver.cpp, line 773]
Event: 7.550 Thread 0x0000026a418a38a0 Exception <a 'java/lang/NoSuchMethodError'{0x000000074f01d270}: 'int java.lang.invoke.DirectMethodHandle$Holder.invokeStaticInit(java.lang.Object, int, java.lang.Object, java.lang.Object, java.lang.Object, java.lang.Object)'> (0x000000074f01d270) 
thrown [s\src\hotspot\share\interpreter\linkResolver.cpp, line 773]
Event: 7.866 Thread 0x0000026a418a38a0 Exception <a 'java/lang/IncompatibleClassChangeError'{0x00000007491d2720}: Found class java.lang.Object, but interface was expected> (0x00000007491d2720) 
thrown [s\src\hotspot\share\interpreter\linkResolver.cpp, line 840]
Event: 8.162 Thread 0x0000026a418a38a0 Exception <a 'java/lang/NoSuchMethodError'{0x000000074821bbe8}: 'java.lang.Object java.lang.invoke.DirectMethodHandle$Holder.invokeSpecial(java.lang.Object, java.lang.Object, int, int, int, int)'> (0x000000074821bbe8) 
thrown [s\src\hotspot\share\interpreter\linkResolver.cpp, line 773]
Event: 8.210 Thread 0x0000026a418a38a0 Exception <a 'java/lang/NoSuchMethodError'{0x00000007483b6db0}: 'int java.lang.invoke.DirectMethodHandle$Holder.invokeStaticInit(java.lang.Object, java.lang.Object, java.lang.Object, java.lang.Object)'> (0x00000007483b6db0) 
thrown [s\src\hotspot\share\interpreter\linkResolver.cpp, line 773]
Event: 8.214 Thread 0x0000026a418a38a0 Implicit null exception at 0x0000026a5537df7b to 0x0000026a5537e418
Event: 8.261 Thread 0x0000026a418a38a0 Exception <a 'java/lang/IncompatibleClassChangeError'{0x00000007481bd9a0}: Found class java.lang.Object, but interface was expected> (0x00000007481bd9a0) 
thrown [s\src\hotspot\share\interpreter\linkResolver.cpp, line 840]
Event: 8.310 Thread 0x0000026a418a38a0 Exception <a 'java/lang/NoSuchMethodError'{0x0000000747f6fde8}: 'java.lang.Object java.lang.invoke.Invokers$Holder.invoke_MT(java.lang.Object, java.lang.Object, java.lang.Object, java.lang.Object, java.lang.Object, java.lang.Object, java.lang.Object, java.lang.Object, java.lang.Object, java.lang.Object, java.lang.Object)'> (0x0000000747f6fde8) 
thrown [s\src\hotspot\share\interpreter\linkResolver.cpp, line 773]
Event: 8.366 Thread 0x0000026a418a38a0 Exception <a 'java/lang/NoSuchMethodError'{0x0000000747dc2e58}: 'void java.lang.invoke.Invokers$Holder.invokeExact_MT(java.lang.Object, java.lang.Object, int, java.lang.Object)'> (0x0000000747dc2e58) 
thrown [s\src\hotspot\share\interpreter\linkResolver.cpp, line 773]
Event: 8.401 Thread 0x0000026a418a38a0 Exception <a 'java/lang/NoSuchMethodError'{0x0000000747b094f0}: 'java.lang.Object java.lang.invoke.DirectMethodHandle$Holder.invokeVirtual(java.lang.Object, java.lang.Object, java.lang.Object, java.lang.Object, java.lang.Object, java.lang.Object, java.lang.Object)'> (0x0000000747b094f0) 
thrown [s\src\hotspot\share\interpreter\linkResolver.cpp, line 773]
Event: 8.431 Thread 0x0000026a418a38a0 Exception <a 'java/lang/IncompatibleClassChangeError'{0x0000000747bee788}: Found class java.lang.Object, but interface was expected> (0x0000000747bee788) 
thrown [s\src\hotspot\share\interpreter\linkResolver.cpp, line 840]
Event: 8.442 Thread 0x0000026a418a38a0 Exception <a 'java/lang/NoSuchMethodError'{0x00000007478060f8}: 'java.lang.Object java.lang.invoke.DirectMethodHandle$Holder.invokeStaticInit(java.lang.Object, java.lang.Object, int)'> (0x00000007478060f8) 
thrown [s\src\hotspot\share\interpreter\linkResolver.cpp, line 773]
Event: 8.468 Thread 0x0000026a418a38a0 Exception <a 'sun/nio/fs/WindowsException'{0x0000000747851630}> (0x0000000747851630) 
thrown [s\src\hotspot\share\prims\jni.cpp, line 520]
Event: 8.737 Thread 0x0000026a418a38a0 Exception <a 'java/lang/NoSuchMethodError'{0x000000074f049dc0}: method resolution failed> (0x000000074f049dc0) 
thrown [s\src\hotspot\share\prims\methodHandles.cpp, line 1144]
Event: 8.753 Thread 0x0000026a418a38a0 Exception <a 'java/lang/NoSuchMethodError'{0x000000074f0a28b0}: 'void java.lang.invoke.DirectMethodHandle$Holder.invokeStatic(java.lang.Object, long)'> (0x000000074f0a28b0) 
thrown [s\src\hotspot\share\interpreter\linkResolver.cpp, line 773]

ZGC Phase Switch (0 events):
No events

VM Operations (20 events):
Event: 7.877 Executing VM operation: HandshakeAllThreads (Deoptimize)
Event: 7.877 Executing VM operation: HandshakeAllThreads (Deoptimize) done
Event: 7.901 Executing VM operation: HandshakeAllThreads (Deoptimize)
Event: 7.901 Executing VM operation: HandshakeAllThreads (Deoptimize) done
Event: 8.056 Executing VM operation: ICBufferFull
Event: 8.056 Executing VM operation: ICBufferFull done
Event: 8.176 Executing VM operation: HandshakeAllThreads (Deoptimize)
Event: 8.176 Executing VM operation: HandshakeAllThreads (Deoptimize) done
Event: 8.470 Executing VM operation: HandshakeAllThreads (Deoptimize)
Event: 8.470 Executing VM operation: HandshakeAllThreads (Deoptimize) done
Event: 8.476 Executing VM operation: HandshakeAllThreads (Deoptimize)
Event: 8.476 Executing VM operation: HandshakeAllThreads (Deoptimize) done
Event: 8.538 Executing VM operation: G1CollectForAllocation (G1 Evacuation Pause)
Event: 8.547 Executing VM operation: G1CollectForAllocation (G1 Evacuation Pause) done
Event: 8.568 Executing VM operation: HandshakeAllThreads (Deoptimize)
Event: 8.568 Executing VM operation: HandshakeAllThreads (Deoptimize) done
Event: 8.607 Executing VM operation: HandshakeAllThreads (Deoptimize)
Event: 8.607 Executing VM operation: HandshakeAllThreads (Deoptimize) done
Event: 8.746 Executing VM operation: HandshakeAllThreads (Deoptimize)
Event: 8.746 Executing VM operation: HandshakeAllThreads (Deoptimize) done

Memory protections (0 events):
No events

Nmethod flushes (20 events):
Event: 6.314 Thread 0x0000026a63434e40 flushing  nmethod 0x0000026a4df51d90
Event: 6.314 Thread 0x0000026a63434e40 flushing  nmethod 0x0000026a4df59210
Event: 6.314 Thread 0x0000026a63434e40 flushing  nmethod 0x0000026a4df6f190
Event: 6.314 Thread 0x0000026a63434e40 flushing  nmethod 0x0000026a4dfb5290
Event: 6.314 Thread 0x0000026a63434e40 flushing  nmethod 0x0000026a4dfb6910
Event: 6.314 Thread 0x0000026a63434e40 flushing  nmethod 0x0000026a4dfeb710
Event: 6.314 Thread 0x0000026a63434e40 flushing  nmethod 0x0000026a4dff1e90
Event: 6.314 Thread 0x0000026a63434e40 flushing  nmethod 0x0000026a4e011990
Event: 6.314 Thread 0x0000026a63434e40 flushing  nmethod 0x0000026a4e012890
Event: 6.314 Thread 0x0000026a63434e40 flushing  nmethod 0x0000026a4e012c90
Event: 6.314 Thread 0x0000026a63434e40 flushing  nmethod 0x0000026a4e01b510
Event: 6.314 Thread 0x0000026a63434e40 flushing  nmethod 0x0000026a4e01ea90
Event: 6.314 Thread 0x0000026a63434e40 flushing  nmethod 0x0000026a4e024590
Event: 6.314 Thread 0x0000026a63434e40 flushing  nmethod 0x0000026a4e026210
Event: 6.314 Thread 0x0000026a63434e40 flushing  nmethod 0x0000026a4e026810
Event: 6.314 Thread 0x0000026a63434e40 flushing  nmethod 0x0000026a4e034410
Event: 6.314 Thread 0x0000026a63434e40 flushing  nmethod 0x0000026a4e057b90
Event: 6.314 Thread 0x0000026a63434e40 flushing  nmethod 0x0000026a4e058410
Event: 6.314 Thread 0x0000026a63434e40 flushing  nmethod 0x0000026a4e10e390
Event: 6.314 Thread 0x0000026a63434e40 flushing  nmethod 0x0000026a4e155f90

Events (20 events):
Event: 7.024 Thread 0x0000026a418a38a0 Thread added: 0x0000026a6b1759b0
Event: 7.026 Thread 0x0000026a6b1759b0 Thread exited: 0x0000026a6b1759b0
Event: 7.188 Thread 0x0000026a63478750 Thread added: 0x0000026a6a88d7a0
Event: 7.469 Thread 0x0000026a418a38a0 Thread added: 0x0000026a6b1759b0
Event: 7.470 Thread 0x0000026a6b1759b0 Thread added: 0x0000026a6b176d60
Event: 7.474 Thread 0x0000026a418a38a0 Thread added: 0x0000026a6b1773f0
Event: 8.376 Thread 0x0000026a418a38a0 Thread added: 0x0000026a6b177a80
Event: 8.632 Thread 0x0000026a418a38a0 Thread added: 0x0000026a6b175320
Event: 8.650 Thread 0x0000026a418a38a0 Thread added: 0x0000026a6cae3060
Event: 8.650 Thread 0x0000026a418a38a0 Thread added: 0x0000026a6cae64e0
Event: 8.650 Thread 0x0000026a418a38a0 Thread added: 0x0000026a6cae6b70
Event: 8.651 Thread 0x0000026a418a38a0 Thread added: 0x0000026a6cae5e50
Event: 8.651 Thread 0x0000026a418a38a0 Thread added: 0x0000026a6cae36f0
Event: 8.651 Thread 0x0000026a418a38a0 Thread added: 0x0000026a6cae5130
Event: 8.651 Thread 0x0000026a418a38a0 Thread added: 0x0000026a6cae7200
Event: 8.651 Thread 0x0000026a418a38a0 Thread added: 0x0000026a6cae3d80
Event: 8.651 Thread 0x0000026a418a38a0 Thread added: 0x0000026a6cae7890
Event: 8.651 Thread 0x0000026a418a38a0 Thread added: 0x0000026a6cae57c0
Event: 8.657 Thread 0x0000026a418a38a0 Thread added: 0x0000026a6cae4410
Event: 8.659 Thread 0x0000026a418a38a0 Thread added: 0x0000026a6cae7f20


Dynamic libraries:
0x00007ff7f1960000 - 0x00007ff7f196e000 	C:\Program Files\OpenLogic\jdk-21.0.8.9-hotspot\bin\java.exe
0x00007ff92e980000 - 0x00007ff92ebe9000 	C:\WINDOWS\SYSTEM32\ntdll.dll
0x00007ff92e830000 - 0x00007ff92e8f9000 	C:\WINDOWS\System32\KERNEL32.DLL
0x00007ff92bd20000 - 0x00007ff92c113000 	C:\WINDOWS\System32\KERNELBASE.dll
0x00007ff92c280000 - 0x00007ff92c3cb000 	C:\WINDOWS\System32\ucrtbase.dll
0x00007ff91e490000 - 0x00007ff91e4a8000 	C:\Program Files\OpenLogic\jdk-21.0.8.9-hotspot\bin\jli.dll
0x00007ff91e4b0000 - 0x00007ff91e4cb000 	C:\Program Files\OpenLogic\jdk-21.0.8.9-hotspot\bin\VCRUNTIME140.dll
0x00007ff92c750000 - 0x00007ff92c914000 	C:\WINDOWS\System32\USER32.dll
0x00007ff92c3d0000 - 0x00007ff92c3f7000 	C:\WINDOWS\System32\win32u.dll
0x00007ff92e180000 - 0x00007ff92e1ab000 	C:\WINDOWS\System32\GDI32.dll
0x00007ff92c620000 - 0x00007ff92c74d000 	C:\WINDOWS\System32\gdi32full.dll
0x00007ff92c570000 - 0x00007ff92c613000 	C:\WINDOWS\System32\msvcp_win.dll
0x00007ff92acc0000 - 0x00007ff92af53000 	C:\WINDOWS\WinSxS\amd64_microsoft.windows.common-controls_6595b64144ccf1df_6.0.26100.5074_none_3e0d6f78e32fd63f\COMCTL32.dll
0x00007ff92e700000 - 0x00007ff92e7a9000 	C:\WINDOWS\System32\msvcrt.dll
0x00007ff92e6c0000 - 0x00007ff92e6ef000 	C:\WINDOWS\System32\IMM32.DLL
0x00007ff9251d0000 - 0x00007ff9251dc000 	C:\Program Files\OpenLogic\jdk-21.0.8.9-hotspot\bin\vcruntime140_1.dll
0x00007ff8ebaf0000 - 0x00007ff8ebb7d000 	C:\Program Files\OpenLogic\jdk-21.0.8.9-hotspot\bin\msvcp140.dll
0x00007ff882300000 - 0x00007ff8830a7000 	C:\Program Files\OpenLogic\jdk-21.0.8.9-hotspot\bin\server\jvm.dll
0x00007ff92d500000 - 0x00007ff92d5b4000 	C:\WINDOWS\System32\ADVAPI32.dll
0x00007ff92dc40000 - 0x00007ff92dce6000 	C:\WINDOWS\System32\sechost.dll
0x00007ff92d3e0000 - 0x00007ff92d4f8000 	C:\WINDOWS\System32\RPCRT4.dll
0x00007ff92e7b0000 - 0x00007ff92e824000 	C:\WINDOWS\System32\WS2_32.dll
0x00007ff922400000 - 0x00007ff92240b000 	C:\WINDOWS\SYSTEM32\VERSION.dll
0x00007ff922c20000 - 0x00007ff922c55000 	C:\WINDOWS\SYSTEM32\WINMM.dll
0x00007ff92b390000 - 0x00007ff92b3ee000 	C:\WINDOWS\SYSTEM32\POWRPROF.dll
0x00007ff92b060000 - 0x00007ff92b074000 	C:\WINDOWS\SYSTEM32\UMPDC.dll
0x00007ff929fb0000 - 0x00007ff929fcb000 	C:\WINDOWS\SYSTEM32\kernel.appcore.dll
0x00007ff91e480000 - 0x00007ff91e48a000 	C:\Program Files\OpenLogic\jdk-21.0.8.9-hotspot\bin\jimage.dll
0x00007ff92b420000 - 0x00007ff92b662000 	C:\WINDOWS\SYSTEM32\DBGHELP.DLL
0x00007ff92e1b0000 - 0x00007ff92e52b000 	C:\WINDOWS\System32\combase.dll
0x00007ff92da60000 - 0x00007ff92db37000 	C:\WINDOWS\System32\OLEAUT32.dll
0x00007ff92b280000 - 0x00007ff92b2bd000 	C:\WINDOWS\SYSTEM32\dbgcore.DLL
0x00007ff92c120000 - 0x00007ff92c1b9000 	C:\WINDOWS\System32\bcryptPrimitives.dll
0x00007ff910db0000 - 0x00007ff910dcf000 	C:\Program Files\OpenLogic\jdk-21.0.8.9-hotspot\bin\java.dll
0x00007ff92cba0000 - 0x00007ff92d2ed000 	C:\WINDOWS\System32\SHELL32.dll
0x00007ff92c400000 - 0x00007ff92c56c000 	C:\WINDOWS\System32\wintypes.dll
0x00007ff928cd0000 - 0x00007ff929529000 	C:\WINDOWS\SYSTEM32\windows.storage.dll
0x00007ff92db40000 - 0x00007ff92dc30000 	C:\WINDOWS\System32\SHCORE.dll
0x00007ff92d610000 - 0x00007ff92d672000 	C:\WINDOWS\System32\shlwapi.dll
0x00007ff92ba30000 - 0x00007ff92ba59000 	C:\WINDOWS\SYSTEM32\profapi.dll
0x00007ff8d0e30000 - 0x00007ff8d0f06000 	C:\Program Files\OpenLogic\jdk-21.0.8.9-hotspot\bin\jsvml.dll
0x00007ff908fe0000 - 0x00007ff908ff0000 	C:\Program Files\OpenLogic\jdk-21.0.8.9-hotspot\bin\net.dll
0x00007ff920a10000 - 0x00007ff920b2f000 	C:\WINDOWS\SYSTEM32\WINHTTP.dll
0x00007ff92a530000 - 0x00007ff92a59b000 	C:\WINDOWS\system32\mswsock.dll
0x00007ff9045f0000 - 0x00007ff904606000 	C:\Program Files\OpenLogic\jdk-21.0.8.9-hotspot\bin\nio.dll
0x00007ff901850000 - 0x00007ff901868000 	C:\Program Files\OpenLogic\jdk-21.0.8.9-hotspot\bin\zip.dll
0x00007ff9231c0000 - 0x00007ff9231c9000 	C:\Program Files\OpenLogic\jdk-21.0.8.9-hotspot\bin\management.dll
0x00007ff91e620000 - 0x00007ff91e62b000 	C:\Program Files\OpenLogic\jdk-21.0.8.9-hotspot\bin\management_ext.dll
0x00007ff92e5b0000 - 0x00007ff92e5b8000 	C:\WINDOWS\System32\PSAPI.DLL
0x00007ff929aa0000 - 0x00007ff929ad4000 	C:\WINDOWS\SYSTEM32\IPHLPAPI.DLL
0x00007ff92e930000 - 0x00007ff92e93a000 	C:\WINDOWS\System32\NSI.dll
0x00007ff929b40000 - 0x00007ff929c66000 	C:\WINDOWS\SYSTEM32\DNSAPI.dll
0x00007ff8f8380000 - 0x00007ff8f838b000 	C:\Windows\System32\rasadhlp.dll
0x00007ff918b80000 - 0x00007ff918c06000 	C:\WINDOWS\System32\fwpuclnt.dll
0x00007ff909000000 - 0x00007ff90900e000 	C:\Program Files\OpenLogic\jdk-21.0.8.9-hotspot\bin\sunmscapi.dll
0x00007ff92bb10000 - 0x00007ff92bc87000 	C:\WINDOWS\System32\CRYPT32.dll
0x00007ff92ac80000 - 0x00007ff92acb0000 	C:\WINDOWS\SYSTEM32\ncrypt.dll
0x00007ff92ac30000 - 0x00007ff92ac6f000 	C:\WINDOWS\SYSTEM32\NTASN1.dll
0x00007ff92b770000 - 0x00007ff92b78b000 	C:\WINDOWS\SYSTEM32\CRYPTSP.dll
0x00007ff92a9c0000 - 0x00007ff92a9fb000 	C:\WINDOWS\system32\rsaenh.dll
0x00007ff92a5a0000 - 0x00007ff92a5cb000 	C:\WINDOWS\SYSTEM32\USERENV.dll
0x00007ff92ba00000 - 0x00007ff92ba26000 	C:\WINDOWS\SYSTEM32\bcrypt.dll
0x00007ff92a9b0000 - 0x00007ff92a9bc000 	C:\WINDOWS\SYSTEM32\CRYPTBASE.dll
0x00007ff90e1d0000 - 0x00007ff90e1e0000 	C:\Program Files\OpenLogic\jdk-21.0.8.9-hotspot\bin\verify.dll
0x00007ff8d5ae0000 - 0x00007ff8d5ae8000 	C:\WINDOWS\system32\wshunix.dll
0x00007ff908ff0000 - 0x00007ff908ff9000 	C:\Program Files\OpenLogic\jdk-21.0.8.9-hotspot\bin\extnet.dll

JVMTI agents: none

dbghelp: loaded successfully - version: 4.0.5 - missing functions: none
symbol engine: initialized successfully - sym options: 0x614 - pdb path: .;C:\Program Files\OpenLogic\jdk-21.0.8.9-hotspot\bin;C:\WINDOWS\SYSTEM32;C:\WINDOWS\WinSxS\amd64_microsoft.windows.common-controls_6595b64144ccf1df_6.0.26100.5074_none_3e0d6f78e32fd63f;C:\Program Files\OpenLogic\jdk-21.0.8.9-hotspot\bin\server

VM Arguments:
java_command: C:\Users\ANGIE\AppData\Local\Temp\surefire13563417244337088490\surefirebooter-20250919032821880_3.jar C:\Users\ANGIE\AppData\Local\Temp\surefire13563417244337088490 2025-09-19T03-28-21_657-jvmRun1 surefire-20250919032821880_1tmp surefire_0-20250919032821880_2tmp
java_class_path (initial): C:\Users\ANGIE\AppData\Local\Temp\surefire13563417244337088490\surefirebooter-20250919032821880_3.jar
Launcher Type: SUN_STANDARD

[Global flags]
     intx CICompilerCount                          = 4                                         {product} {ergonomic}
     uint ConcGCThreads                            = 3                                         {product} {ergonomic}
     uint G1ConcRefinementThreads                  = 10                                        {product} {ergonomic}
   size_t G1HeapRegionSize                         = 2097152                                   {product} {ergonomic}
    uintx GCDrainStackTargetSize                   = 64                                        {product} {ergonomic}
   size_t InitialHeapSize                          = 197132288                                 {product} {ergonomic}
   size_t MarkStackSize                            = 4194304                                   {product} {ergonomic}
   size_t MaxHeapSize                              = 3145728000                                {product} {ergonomic}
   size_t MaxNewSize                               = 1887436800                                {product} {ergonomic}
   size_t MinHeapDeltaBytes                        = 2097152                                   {product} {ergonomic}
   size_t MinHeapSize                              = 8388608                                   {product} {ergonomic}
    uintx NonNMethodCodeHeapSize                   = 5839372                                {pd product} {ergonomic}
    uintx NonProfiledCodeHeapSize                  = 122909434                              {pd product} {ergonomic}
    uintx ProfiledCodeHeapSize                     = 122909434                              {pd product} {ergonomic}
    uintx ReservedCodeCacheSize                    = 251658240                              {pd product} {ergonomic}
     bool SegmentedCodeCache                       = true                                      {product} {ergonomic}
   size_t SoftMaxHeapSize                          = 3145728000                             {manageable} {ergonomic}
     bool UseCompressedOops                        = true                           {product lp64_product} {ergonomic}
     bool UseG1GC                                  = true                                      {product} {ergonomic}
     bool UseLargePagesIndividualAllocation        = false                                  {pd product} {ergonomic}

Logging:
Log output configuration:
 #0: stdout all=warning uptime,level,tags foldmultilines=false
 #1: stderr all=off uptime,level,tags foldmultilines=false

Environment Variables:
JAVA_HOME=C:\Program Files\OpenLogic\jdk-21.0.8.9-hotspot
PATH=C:\Program Files\OpenLogic\jdk-21.0.8.9-hotspot\bin;C:\Program Files (x86)\Common Files\Oracle\Java\javapath;C:\WINDOWS\system32;C:\WINDOWS;C:\WINDOWS\System32\Wbem;C:\WINDOWS\System32\WindowsPowerShell\v1.0\;C:\WINDOWS\System32\OpenSSH\;C:\Program Files\dotnet\;C:\Program Files (x86)\Windows Kits\10\Windows Performance Toolkit\;C:\Program Files\OpenLogic\jdk-21.0.8.9-hotspot\bin;C:\apache-maven-3.9.11\bin;C:\Program Files\Git\cmd;C:\Program Files\Docker\Docker\resources\bin;C:\Users\ANGIE\AppData\Local\Microsoft\WindowsApps;
USERNAME=ANGIE
OS=Windows_NT
PROCESSOR_IDENTIFIER=Intel64 Family 6 Model 151 Stepping 2, GenuineIntel
TMP=C:\Users\ANGIE\AppData\Local\Temp
TEMP=C:\Users\ANGIE\AppData\Local\Temp




Periodic native trim disabled

---------------  S Y S T E M  ---------------

OS:
 Windows 11 , 64 bit Build 26100 (10.0.26100.5074)
OS uptime: 4 days 3:22 hours
Hyper-V role detected

CPU: total 12 (initial active 12) (6 cores per cpu, 2 threads per core) family 6 model 151 stepping 2 microcode 0x3a, cx8, cmov, fxsr, ht, mmx, 3dnowpref, sse, sse2, sse3, ssse3, sse4.1, sse4.2, popcnt, lzcnt, tsc, tscinvbit, avx, avx2, aes, erms, clmul, bmi1, bmi2, adx, sha, fma, vzeroupper, clflush, clflushopt, clwb, hv, serialize, rdtscp, rdpid, fsrm, f16c, cet_ibt, cet_ss
Processor Information for processor 0
  Max Mhz: 2400, Current Mhz: 2400, Mhz Limit: 2400
Processor Information for processor 1
  Max Mhz: 2400, Current Mhz: 2400, Mhz Limit: 2400
Processor Information for processor 2
  Max Mhz: 2400, Current Mhz: 2400, Mhz Limit: 2400
Processor Information for processor 3
  Max Mhz: 2400, Current Mhz: 2400, Mhz Limit: 2400
Processor Information for processor 4
  Max Mhz: 2400, Current Mhz: 2400, Mhz Limit: 2400
Processor Information for processor 5
  Max Mhz: 2400, Current Mhz: 2400, Mhz Limit: 2400
Processor Information for processor 6
  Max Mhz: 2400, Current Mhz: 2400, Mhz Limit: 2400
Processor Information for processor 7
  Max Mhz: 2400, Current Mhz: 2400, Mhz Limit: 2400
Processor Information for processor 8
  Max Mhz: 2400, Current Mhz: 2400, Mhz Limit: 2400
Processor Information for processor 9
  Max Mhz: 2400, Current Mhz: 2400, Mhz Limit: 2400
Processor Information for processor 10
  Max Mhz: 2400, Current Mhz: 1466, Mhz Limit: 2400
Processor Information for processor 11
  Max Mhz: 2400, Current Mhz: 1466, Mhz Limit: 2400

Memory: 4k page, system-wide physical 11995M (815M free)
TotalPageFile size 28461M (AvailPageFile size 2M)
current process WorkingSet (physical memory assigned to process): 344M, peak: 347M
current process commit charge ("private bytes"): 384M, peak: 386M

vm_info: OpenJDK 64-Bit Server VM (21.0.8+9-adhoc.Administrator.jdk21u) for windows-amd64 JRE (21.0.8+9-adhoc.Administrator.jdk21u), built on 2025-07-17T09:27:23Z by "Administrator" with MS VC++ 16.10 / 16.11 (VS2019)

END.
